{
  "stats": {
    "suites": 5,
    "tests": 7,
    "passes": 7,
    "pending": 0,
    "failures": 0,
    "testsRegistered": 7,
    "passPercent": 100,
    "pendingPercent": 0,
    "other": 0,
    "hasOther": false,
    "skipped": 0,
    "hasSkipped": false,
    "start": "2023-06-16T10:27:22.660Z",
    "end": "2023-06-16T10:27:40.165Z",
    "duration": 17505
  },
  "results": [
    {
      "uuid": "d1a6a248-2ce7-4bc5-a428-d146eff61520",
      "title": "",
      "fullFile": "cypress/tests/home-mobile.cy.js",
      "file": "cypress/tests/home-mobile.cy.js",
      "beforeHooks": [],
      "afterHooks": [],
      "tests": [],
      "suites": [
        {
          "uuid": "12fb3a0d-37bd-4b04-abf0-1e9be0525af2",
          "title": "Home screen elements on the different screen resolutions",
          "fullFile": "",
          "file": "",
          "beforeHooks": [],
          "afterHooks": [],
          "tests": [],
          "suites": [
            {
              "uuid": "dde6f100-aa9c-4fb6-9113-095f49548a6b",
              "title": "for iphone-6 screen size",
              "fullFile": "",
              "file": "",
              "beforeHooks": [],
              "afterHooks": [],
              "tests": [
                {
                  "title": "can view the cocktails list and open the detailed cocktail screen",
                  "fullTitle": "Home screen elements on the different screen resolutions for iphone-6 screen size can view the cocktails list and open the detailed cocktail screen",
                  "timedOut": null,
                  "duration": 1529,
                  "state": "passed",
                  "speed": "fast",
                  "pass": true,
                  "fail": false,
                  "pending": false,
                  "context": null,
                  "code": "cy.intercept({\n  method: \"GET\",\n  url: \"/v2/cocktails/full*\"\n}).as(\"cocktail\");\ncy.request({\n  method: 'GET',\n  url: 'https://whale-app-iz3av.ondigitalocean.app/v2/filter?page=0',\n  headers: {\n    'Content-Type': 'application/json'\n  }\n}).then(cocktailsList => {\n  const cocktails = cocktailsList.body.cocktails;\n  cy.get(_homePage.default.vertical.selector.sorting.byRate).should(\"be.visible\");\n  cy.get(_homePage.default.vertical.selector.search).should(\"be.visible\");\n  cy.get(_homePage.default.vertical.selector.cocktailCard).each(item => {\n    const itemText = item.text().trim();\n    expect(itemText).to.contain(cocktails[item.index()].name);\n  });\n  cy.get(_homePage.default.vertical.selector.cocktailCard).eq(5).click();\n  cy.wait('@cocktail').then(cocktail => {\n    const details = cocktail.response.body;\n    const receipt = details.receipt;\n    const goods = details.goods;\n    const tools = details.tools;\n    cy.get(_cocktailPage.default.vertical.selector.title).should('contain', details.name);\n    cy.get(_cocktailPage.default.vertical.selector.recipeItem).each(listItem => {\n      const itemText = listItem.text();\n      expect(itemText).to.equal(receipt[listItem.index()]);\n    });\n    cy.get(_cocktailPage.default.vertical.selector.component).find('[data-cy=\"ingredient\"]').each(listItem => {\n      const itemText = listItem.text();\n      expect(itemText).contains(goods[listItem.index()].name);\n    });\n    cy.get(_cocktailPage.default.vertical.selector.tools).find('[data-cy=\"ingredient\"]').each(listItem => {\n      const itemText = listItem.text();\n      expect(itemText).contains(tools[listItem.index()].name);\n    });\n  });\n});",
                  "err": {},
                  "uuid": "c9e26854-c07d-4d76-b37d-649b7a7a4871",
                  "parentUUID": "dde6f100-aa9c-4fb6-9113-095f49548a6b",
                  "isHook": false,
                  "skipped": false
                }
              ],
              "suites": [],
              "passes": [
                "c9e26854-c07d-4d76-b37d-649b7a7a4871"
              ],
              "failures": [],
              "pending": [],
              "skipped": [],
              "duration": 1529,
              "root": false,
              "rootEmpty": false,
              "_timeout": 2000
            },
            {
              "uuid": "5d476677-948f-49c3-89d9-8bd3a1825ac4",
              "title": "for ipad-2 screen size",
              "fullFile": "",
              "file": "",
              "beforeHooks": [],
              "afterHooks": [],
              "tests": [
                {
                  "title": "can view the cocktails list and open the detailed cocktail screen",
                  "fullTitle": "Home screen elements on the different screen resolutions for ipad-2 screen size can view the cocktails list and open the detailed cocktail screen",
                  "timedOut": null,
                  "duration": 1985,
                  "state": "passed",
                  "speed": "fast",
                  "pass": true,
                  "fail": false,
                  "pending": false,
                  "context": null,
                  "code": "cy.intercept({\n  method: \"GET\",\n  url: \"/v2/cocktails/full*\"\n}).as(\"cocktail\");\ncy.request({\n  method: 'GET',\n  url: 'https://whale-app-iz3av.ondigitalocean.app/v2/filter?page=0',\n  headers: {\n    'Content-Type': 'application/json'\n  }\n}).then(cocktailsList => {\n  const cocktails = cocktailsList.body.cocktails;\n  cy.get(_homePage.default.vertical.selector.sorting.byRate).should(\"be.visible\");\n  cy.get(_homePage.default.vertical.selector.search).should(\"be.visible\");\n  cy.get(_homePage.default.vertical.selector.cocktailCard).each(item => {\n    const itemText = item.text().trim();\n    expect(itemText).to.contain(cocktails[item.index()].name);\n  });\n  cy.get(_homePage.default.vertical.selector.cocktailCard).eq(5).click();\n  cy.wait('@cocktail').then(cocktail => {\n    const details = cocktail.response.body;\n    const receipt = details.receipt;\n    const goods = details.goods;\n    const tools = details.tools;\n    cy.get(_cocktailPage.default.vertical.selector.title).should('contain', details.name);\n    cy.get(_cocktailPage.default.vertical.selector.recipeItem).each(listItem => {\n      const itemText = listItem.text();\n      expect(itemText).to.equal(receipt[listItem.index()]);\n    });\n    cy.get(_cocktailPage.default.vertical.selector.component).find('[data-cy=\"ingredient\"]').each(listItem => {\n      const itemText = listItem.text();\n      expect(itemText).contains(goods[listItem.index()].name);\n    });\n    cy.get(_cocktailPage.default.vertical.selector.tools).find('[data-cy=\"ingredient\"]').each(listItem => {\n      const itemText = listItem.text();\n      expect(itemText).contains(tools[listItem.index()].name);\n    });\n  });\n});",
                  "err": {},
                  "uuid": "5b7f83fc-89d4-43ec-b9a9-68ec66476497",
                  "parentUUID": "5d476677-948f-49c3-89d9-8bd3a1825ac4",
                  "isHook": false,
                  "skipped": false
                }
              ],
              "suites": [],
              "passes": [
                "5b7f83fc-89d4-43ec-b9a9-68ec66476497"
              ],
              "failures": [],
              "pending": [],
              "skipped": [],
              "duration": 1985,
              "root": false,
              "rootEmpty": false,
              "_timeout": 2000
            },
            {
              "uuid": "379852b2-6fa8-40af-93d4-80ea39a74a11",
              "title": "for macbook-13 screen size",
              "fullFile": "",
              "file": "",
              "beforeHooks": [],
              "afterHooks": [],
              "tests": [
                {
                  "title": "can view the cocktails list and open the detailed cocktail screen",
                  "fullTitle": "Home screen elements on the different screen resolutions for macbook-13 screen size can view the cocktails list and open the detailed cocktail screen",
                  "timedOut": null,
                  "duration": 1408,
                  "state": "passed",
                  "speed": "fast",
                  "pass": true,
                  "fail": false,
                  "pending": false,
                  "context": null,
                  "code": "cy.intercept({\n  method: \"GET\",\n  url: \"/v2/cocktails/full*\"\n}).as(\"cocktail\");\ncy.request({\n  method: 'GET',\n  url: 'https://whale-app-iz3av.ondigitalocean.app/v2/filter?page=0',\n  headers: {\n    'Content-Type': 'application/json'\n  }\n}).then(cocktailsList => {\n  const cocktails = cocktailsList.body.cocktails;\n  cy.get(_homePage.default.vertical.selector.sorting.byRate).should(\"be.visible\");\n  cy.get(_homePage.default.vertical.selector.search).should(\"be.visible\");\n  cy.get(_homePage.default.vertical.selector.cocktailCard).each(item => {\n    const itemText = item.text().trim();\n    expect(itemText).to.contain(cocktails[item.index()].name);\n  });\n  cy.get(_homePage.default.vertical.selector.cocktailCard).eq(5).click();\n  cy.wait('@cocktail').then(cocktail => {\n    const details = cocktail.response.body;\n    const receipt = details.receipt;\n    const goods = details.goods;\n    const tools = details.tools;\n    cy.get(_cocktailPage.default.vertical.selector.title).should('contain', details.name);\n    cy.get(_cocktailPage.default.vertical.selector.recipeItem).each(listItem => {\n      const itemText = listItem.text();\n      expect(itemText).to.equal(receipt[listItem.index()]);\n    });\n    cy.get(_cocktailPage.default.vertical.selector.component).find('[data-cy=\"ingredient\"]').each(listItem => {\n      const itemText = listItem.text();\n      expect(itemText).contains(goods[listItem.index()].name);\n    });\n    cy.get(_cocktailPage.default.vertical.selector.tools).find('[data-cy=\"ingredient\"]').each(listItem => {\n      const itemText = listItem.text();\n      expect(itemText).contains(tools[listItem.index()].name);\n    });\n  });\n});",
                  "err": {},
                  "uuid": "9620a5e9-36dd-4daf-b48f-465a9af290a9",
                  "parentUUID": "379852b2-6fa8-40af-93d4-80ea39a74a11",
                  "isHook": false,
                  "skipped": false
                }
              ],
              "suites": [],
              "passes": [
                "9620a5e9-36dd-4daf-b48f-465a9af290a9"
              ],
              "failures": [],
              "pending": [],
              "skipped": [],
              "duration": 1408,
              "root": false,
              "rootEmpty": false,
              "_timeout": 2000
            }
          ],
          "passes": [],
          "failures": [],
          "pending": [],
          "skipped": [],
          "duration": 0,
          "root": false,
          "rootEmpty": false,
          "_timeout": 2000
        }
      ],
      "passes": [],
      "failures": [],
      "pending": [],
      "skipped": [],
      "duration": 0,
      "root": true,
      "rootEmpty": true,
      "_timeout": 2000
    },
    {
      "uuid": "e7cb4088-8a2e-47ce-acb8-a47392d6883c",
      "title": "",
      "fullFile": "cypress/tests/home-screen-filtering.cy.js",
      "file": "cypress/tests/home-screen-filtering.cy.js",
      "beforeHooks": [],
      "afterHooks": [],
      "tests": [],
      "suites": [
        {
          "uuid": "f7f0c5c1-5d6b-42ff-9973-c676708eb734",
          "title": "Home screen tests",
          "fullFile": "",
          "file": "",
          "beforeHooks": [],
          "afterHooks": [],
          "tests": [
            {
              "title": "items should be filtered after applying a low alcohol filter",
              "fullTitle": "Home screen tests items should be filtered after applying a low alcohol filter",
              "timedOut": null,
              "duration": 1891,
              "state": "passed",
              "speed": "fast",
              "pass": true,
              "fail": false,
              "pending": false,
              "context": null,
              "code": "interceptFiltering(\"alcohol-volume=slaboalkoholni\");\nlet firstItemName;\ncy.get(_homePage.default.vertical.selector.cocktailCard).find(\".cart__name\").first().invoke('text').then(itemTitle => {\n  firstItemName = itemTitle;\n});\n// applying the low alcohol filter\ncy.get(_homePage.default.vertical.selector.filters.lowalcohol).click();\n// checking that proper tag is shown\ncy.get(_homePage.default.vertical.selector.filters.lowalcoholTag).should('be.visible');\n// applying the low alcohol filter again because when it clicked programatically the request is not sent\ncy.get(_homePage.default.vertical.selector.filters.lowalcohol).click();\ncy.wait(\"@sortingApplied\").its('response.body').then(body => {\n  const cocktails = body.cocktails;\n  cy.get(_homePage.default.vertical.selector.cocktailCard).each(item => {\n    const itemText = item.text().trim();\n    expect(itemText).to.contain(cocktails[item.index()].name);\n  });\n  // checking that the first element name is changed after applying filters\n  cy.get(_homePage.default.vertical.selector.cocktailCard).find(\".cart__name\").first().should('not.contain', firstItemName);\n});",
              "err": {},
              "uuid": "efdcec0d-7044-431b-9e78-5328b819d336",
              "parentUUID": "f7f0c5c1-5d6b-42ff-9973-c676708eb734",
              "isHook": false,
              "skipped": false
            }
          ],
          "suites": [],
          "passes": [
            "efdcec0d-7044-431b-9e78-5328b819d336"
          ],
          "failures": [],
          "pending": [],
          "skipped": [],
          "duration": 1891,
          "root": false,
          "rootEmpty": false,
          "_timeout": 2000
        }
      ],
      "passes": [],
      "failures": [],
      "pending": [],
      "skipped": [],
      "duration": 0,
      "root": true,
      "rootEmpty": true,
      "_timeout": 2000
    },
    {
      "uuid": "f1873243-ad69-42aa-9436-1e47c7be1861",
      "title": "",
      "fullFile": "cypress/tests/home-screen-sorting.cy.js",
      "file": "cypress/tests/home-screen-sorting.cy.js",
      "beforeHooks": [],
      "afterHooks": [],
      "tests": [],
      "suites": [
        {
          "uuid": "7a966235-fcc0-4e5c-8c73-7b26dc472bff",
          "title": "Home screen tests",
          "fullFile": "",
          "file": "",
          "beforeHooks": [],
          "afterHooks": [],
          "tests": [
            {
              "title": "items should be reordered after sorting applying",
              "fullTitle": "Home screen tests items should be reordered after sorting applying",
              "timedOut": null,
              "duration": 1773,
              "state": "passed",
              "speed": "fast",
              "pass": true,
              "fail": false,
              "pending": false,
              "context": null,
              "code": "interceptSorting(\"sort=biggest-rate\");\ncy.get(_homePage.default.vertical.selector.sorting.byRate).click();\ncy.get(_homePage.default.vertical.selector.sorting.byRate).click();\ncy.get(_homePage.default.vertical.selector.sorting.byRate).click();\ncy.wait(\"@sortingApplied\").its(\"response.body\").then(body => {\n  const cocktails = body.cocktails;\n  cy.get(_homePage.default.vertical.selector.cocktailCard).each(item => {\n    const itemText = item.text().trim();\n    expect(itemText).to.contain(cocktails[item.index()].name);\n  });\n});",
              "err": {},
              "uuid": "e7ca373c-cb73-44d3-966d-11d0633e048f",
              "parentUUID": "7a966235-fcc0-4e5c-8c73-7b26dc472bff",
              "isHook": false,
              "skipped": false
            }
          ],
          "suites": [],
          "passes": [
            "e7ca373c-cb73-44d3-966d-11d0633e048f"
          ],
          "failures": [],
          "pending": [],
          "skipped": [],
          "duration": 1773,
          "root": false,
          "rootEmpty": false,
          "_timeout": 2000
        }
      ],
      "passes": [],
      "failures": [],
      "pending": [],
      "skipped": [],
      "duration": 0,
      "root": true,
      "rootEmpty": true,
      "_timeout": 2000
    },
    {
      "uuid": "de66eed3-0ec5-42b8-a6f5-82b30a1467e3",
      "title": "",
      "fullFile": "cypress/tests/search.cy.js",
      "file": "cypress/tests/search.cy.js",
      "beforeHooks": [],
      "afterHooks": [],
      "tests": [],
      "suites": [
        {
          "uuid": "7374b052-9acc-4020-9690-4773f2e6bd18",
          "title": "search cocktail tests",
          "fullFile": "",
          "file": "",
          "beforeHooks": [],
          "afterHooks": [],
          "tests": [
            {
              "title": "search from home screen",
              "fullTitle": "search cocktail tests search from home screen",
              "timedOut": null,
              "duration": 1795,
              "state": "passed",
              "speed": "fast",
              "pass": true,
              "fail": false,
              "pending": false,
              "context": null,
              "code": "let searchSuggestion;\ncy.get(_homePage.default.vertical.selector.search).type('м');\ncy.get(_homePage.default.vertical.selector.searchSuggestions).first().then(searchSug => {\n  searchSuggestion = searchSug.text().trim();\n  console.log(searchSuggestion);\n  cy.wrap(searchSug).click();\n  cy.get('h1').should('contain', searchSuggestion);\n});",
              "err": {},
              "uuid": "a9e38abe-1dd9-4ce7-983b-ca209b1a0961",
              "parentUUID": "7374b052-9acc-4020-9690-4773f2e6bd18",
              "isHook": false,
              "skipped": false
            }
          ],
          "suites": [],
          "passes": [
            "a9e38abe-1dd9-4ce7-983b-ca209b1a0961"
          ],
          "failures": [],
          "pending": [],
          "skipped": [],
          "duration": 1795,
          "root": false,
          "rootEmpty": false,
          "_timeout": 2000
        }
      ],
      "passes": [],
      "failures": [],
      "pending": [],
      "skipped": [],
      "duration": 0,
      "root": true,
      "rootEmpty": true,
      "_timeout": 2000
    },
    {
      "uuid": "635ae999-c7d4-4f55-9575-13582f184dcb",
      "title": "",
      "fullFile": "cypress/tests/cocktail.cy.js",
      "file": "cypress/tests/cocktail.cy.js",
      "beforeHooks": [],
      "afterHooks": [],
      "tests": [],
      "suites": [
        {
          "uuid": "666e6091-0f50-4956-a3d7-25bfd322c4d0",
          "title": "A cocktail's screen tests",
          "fullFile": "",
          "file": "",
          "beforeHooks": [],
          "afterHooks": [],
          "tests": [
            {
              "title": "Check the required elements are shown on the page",
              "fullTitle": "A cocktail's screen tests Check the required elements are shown on the page",
              "timedOut": null,
              "duration": 3410,
              "state": "passed",
              "speed": "fast",
              "pass": true,
              "fail": false,
              "pending": false,
              "context": null,
              "code": "cy.intercept({\n  method: \"GET\",\n  url: \"/v2/cocktails/full*\"\n}).as(\"cocktail\");\ncy.get(\".cocktails-body__list\").find(\".list__item\").eq(0).click();\ncy.wait('@cocktail').then(cocktail => {\n  const details = cocktail.response.body;\n  const receipt = details.receipt;\n  const goods = details.goods;\n  const tools = details.tools;\n  cy.get(_cocktailPage.default.vertical.selector.title).should('contain', details.name);\n  cy.get(_cocktailPage.default.vertical.selector.recipeItem).each(listItem => {\n    const itemText = listItem.text();\n    expect(itemText).to.equal(receipt[listItem.index()]);\n  });\n  cy.get(_cocktailPage.default.vertical.selector.component).find('[data-cy=\"ingredient\"]').each(listItem => {\n    const itemText = listItem.text();\n    expect(itemText).contains(goods[listItem.index()].name);\n  });\n  cy.get(_cocktailPage.default.vertical.selector.tools).find('[data-cy=\"ingredient\"]').each(listItem => {\n    const itemText = listItem.text();\n    expect(itemText).contains(tools[listItem.index()].name);\n  });\n});",
              "err": {},
              "uuid": "192884a8-474e-4e52-a42c-51046685589a",
              "parentUUID": "666e6091-0f50-4956-a3d7-25bfd322c4d0",
              "isHook": false,
              "skipped": false
            }
          ],
          "suites": [],
          "passes": [
            "192884a8-474e-4e52-a42c-51046685589a"
          ],
          "failures": [],
          "pending": [],
          "skipped": [],
          "duration": 3410,
          "root": false,
          "rootEmpty": false,
          "_timeout": 2000
        }
      ],
      "passes": [],
      "failures": [],
      "pending": [],
      "skipped": [],
      "duration": 0,
      "root": true,
      "rootEmpty": true,
      "_timeout": 2000
    }
  ],
  "meta": {
    "mocha": {
      "version": "7.0.1"
    },
    "mochawesome": {
      "options": {
        "quiet": false,
        "reportFilename": "mochawesome",
        "saveHtml": false,
        "saveJson": true,
        "consoleReporter": "spec",
        "useInlineDiffs": false,
        "code": true
      },
      "version": "7.1.3"
    },
    "marge": {
      "options": {
        "id": "default",
        "reportDir": "cypress/results/mochawesome",
        "overwrite": false,
        "html": false,
        "json": true
      },
      "version": "6.2.0"
    }
  }
}