{
  "stats": {
    "suites": 5,
    "tests": 7,
    "passes": 6,
    "pending": 1,
    "failures": 0,
    "testsRegistered": 7,
    "passPercent": 85.71428571428571,
    "pendingPercent": 14.285714285714286,
    "other": 0,
    "hasOther": false,
    "skipped": 0,
    "hasSkipped": false,
    "start": "2023-06-30T13:37:03.727Z",
    "end": "2023-06-30T13:37:17.652Z",
    "duration": 13925
  },
  "results": [
    {
      "uuid": "a38f14e6-b43c-41f7-aef5-eb9574b62b4f",
      "title": "",
      "fullFile": "cypress/tests/home-mobile.cy.js",
      "file": "cypress/tests/home-mobile.cy.js",
      "beforeHooks": [],
      "afterHooks": [],
      "tests": [],
      "suites": [
        {
          "uuid": "83289e5d-0b0e-4d31-a505-ab6ddcef2bd9",
          "title": "Home screen elements on the different screen resolutions",
          "fullFile": "",
          "file": "",
          "beforeHooks": [],
          "afterHooks": [],
          "tests": [],
          "suites": [
            {
              "uuid": "55cb8985-7c6f-45f7-a512-4d8f119125b3",
              "title": "for iphone-6 screen size",
              "fullFile": "",
              "file": "",
              "beforeHooks": [],
              "afterHooks": [],
              "tests": [
                {
                  "title": "can view the cocktails list and open the detailed cocktail screen",
                  "fullTitle": "Home screen elements on the different screen resolutions for iphone-6 screen size can view the cocktails list and open the detailed cocktail screen",
                  "timedOut": null,
                  "duration": 1762,
                  "state": "passed",
                  "speed": "fast",
                  "pass": true,
                  "fail": false,
                  "pending": false,
                  "context": null,
                  "code": "cy.intercept({\n  method: \"GET\",\n  url: \"/v2/cocktail/*\"\n}).as(\"cocktail\");\ncy.request({\n  method: 'GET',\n  url: 'https://whale-app-iz3av.ondigitalocean.app/v2/filter?page=0',\n  headers: {\n    'Content-Type': 'application/json'\n  }\n}).then(cocktailsList => {\n  const cocktails = cocktailsList.body.cocktails;\n  cy.get(_homePage.default.sorting.byRate).should(\"be.visible\");\n  cy.get(_homePage.default.search).should(\"be.visible\");\n  cy.get(_homePage.default.cocktailCard).each(item => {\n    const itemText = item.text().trim();\n    expect(itemText).to.contain(cocktails[item.index()].name);\n  });\n  cy.get(_homePage.default.cocktailCard).eq(5).click();\n  cy.wait('@cocktail').then(({\n    response: {\n      body: cocktail\n    }\n  }) => {\n    cy.get(_cocktailPage.default.title).should('contain', cocktail.name);\n    cy.get(_cocktailPage.default.recipeItem).each(listItem => {\n      const itemText = listItem.text();\n      expect(itemText).to.equal(cocktail.receipt[listItem.index()]);\n    });\n    cy.get(_cocktailPage.default.component).each(listItem => {\n      const itemText = listItem.text();\n      expect(itemText).contains(cocktail.goods[listItem.index()].name);\n    });\n    cy.get(_cocktailPage.default.tools).each(listItem => {\n      const itemText = listItem.text();\n      expect(itemText).contains(cocktail.tools[listItem.index()].name);\n    });\n  });\n});",
                  "err": {},
                  "uuid": "d56af9e9-7667-41fc-a3f2-4d5565168332",
                  "parentUUID": "55cb8985-7c6f-45f7-a512-4d8f119125b3",
                  "isHook": false,
                  "skipped": false
                }
              ],
              "suites": [],
              "passes": [
                "d56af9e9-7667-41fc-a3f2-4d5565168332"
              ],
              "failures": [],
              "pending": [],
              "skipped": [],
              "duration": 1762,
              "root": false,
              "rootEmpty": false,
              "_timeout": 2000
            },
            {
              "uuid": "1c818709-3df4-477c-bcab-62a5f62fad47",
              "title": "for ipad-2 screen size",
              "fullFile": "",
              "file": "",
              "beforeHooks": [],
              "afterHooks": [],
              "tests": [
                {
                  "title": "can view the cocktails list and open the detailed cocktail screen",
                  "fullTitle": "Home screen elements on the different screen resolutions for ipad-2 screen size can view the cocktails list and open the detailed cocktail screen",
                  "timedOut": null,
                  "duration": 1669,
                  "state": "passed",
                  "speed": "fast",
                  "pass": true,
                  "fail": false,
                  "pending": false,
                  "context": null,
                  "code": "cy.intercept({\n  method: \"GET\",\n  url: \"/v2/cocktail/*\"\n}).as(\"cocktail\");\ncy.request({\n  method: 'GET',\n  url: 'https://whale-app-iz3av.ondigitalocean.app/v2/filter?page=0',\n  headers: {\n    'Content-Type': 'application/json'\n  }\n}).then(cocktailsList => {\n  const cocktails = cocktailsList.body.cocktails;\n  cy.get(_homePage.default.sorting.byRate).should(\"be.visible\");\n  cy.get(_homePage.default.search).should(\"be.visible\");\n  cy.get(_homePage.default.cocktailCard).each(item => {\n    const itemText = item.text().trim();\n    expect(itemText).to.contain(cocktails[item.index()].name);\n  });\n  cy.get(_homePage.default.cocktailCard).eq(5).click();\n  cy.wait('@cocktail').then(({\n    response: {\n      body: cocktail\n    }\n  }) => {\n    cy.get(_cocktailPage.default.title).should('contain', cocktail.name);\n    cy.get(_cocktailPage.default.recipeItem).each(listItem => {\n      const itemText = listItem.text();\n      expect(itemText).to.equal(cocktail.receipt[listItem.index()]);\n    });\n    cy.get(_cocktailPage.default.component).each(listItem => {\n      const itemText = listItem.text();\n      expect(itemText).contains(cocktail.goods[listItem.index()].name);\n    });\n    cy.get(_cocktailPage.default.tools).each(listItem => {\n      const itemText = listItem.text();\n      expect(itemText).contains(cocktail.tools[listItem.index()].name);\n    });\n  });\n});",
                  "err": {},
                  "uuid": "7858613a-a638-453d-a8b2-59c5962b6ebc",
                  "parentUUID": "1c818709-3df4-477c-bcab-62a5f62fad47",
                  "isHook": false,
                  "skipped": false
                }
              ],
              "suites": [],
              "passes": [
                "7858613a-a638-453d-a8b2-59c5962b6ebc"
              ],
              "failures": [],
              "pending": [],
              "skipped": [],
              "duration": 1669,
              "root": false,
              "rootEmpty": false,
              "_timeout": 2000
            },
            {
              "uuid": "d886c4c3-5f01-4b7c-be61-b05f85bd1598",
              "title": "for macbook-13 screen size",
              "fullFile": "",
              "file": "",
              "beforeHooks": [],
              "afterHooks": [],
              "tests": [
                {
                  "title": "can view the cocktails list and open the detailed cocktail screen",
                  "fullTitle": "Home screen elements on the different screen resolutions for macbook-13 screen size can view the cocktails list and open the detailed cocktail screen",
                  "timedOut": null,
                  "duration": 1498,
                  "state": "passed",
                  "speed": "fast",
                  "pass": true,
                  "fail": false,
                  "pending": false,
                  "context": null,
                  "code": "cy.intercept({\n  method: \"GET\",\n  url: \"/v2/cocktail/*\"\n}).as(\"cocktail\");\ncy.request({\n  method: 'GET',\n  url: 'https://whale-app-iz3av.ondigitalocean.app/v2/filter?page=0',\n  headers: {\n    'Content-Type': 'application/json'\n  }\n}).then(cocktailsList => {\n  const cocktails = cocktailsList.body.cocktails;\n  cy.get(_homePage.default.sorting.byRate).should(\"be.visible\");\n  cy.get(_homePage.default.search).should(\"be.visible\");\n  cy.get(_homePage.default.cocktailCard).each(item => {\n    const itemText = item.text().trim();\n    expect(itemText).to.contain(cocktails[item.index()].name);\n  });\n  cy.get(_homePage.default.cocktailCard).eq(5).click();\n  cy.wait('@cocktail').then(({\n    response: {\n      body: cocktail\n    }\n  }) => {\n    cy.get(_cocktailPage.default.title).should('contain', cocktail.name);\n    cy.get(_cocktailPage.default.recipeItem).each(listItem => {\n      const itemText = listItem.text();\n      expect(itemText).to.equal(cocktail.receipt[listItem.index()]);\n    });\n    cy.get(_cocktailPage.default.component).each(listItem => {\n      const itemText = listItem.text();\n      expect(itemText).contains(cocktail.goods[listItem.index()].name);\n    });\n    cy.get(_cocktailPage.default.tools).each(listItem => {\n      const itemText = listItem.text();\n      expect(itemText).contains(cocktail.tools[listItem.index()].name);\n    });\n  });\n});",
                  "err": {},
                  "uuid": "c5553b16-3af2-4238-8ef5-7b199cf49827",
                  "parentUUID": "d886c4c3-5f01-4b7c-be61-b05f85bd1598",
                  "isHook": false,
                  "skipped": false
                }
              ],
              "suites": [],
              "passes": [
                "c5553b16-3af2-4238-8ef5-7b199cf49827"
              ],
              "failures": [],
              "pending": [],
              "skipped": [],
              "duration": 1498,
              "root": false,
              "rootEmpty": false,
              "_timeout": 2000
            }
          ],
          "passes": [],
          "failures": [],
          "pending": [],
          "skipped": [],
          "duration": 0,
          "root": false,
          "rootEmpty": false,
          "_timeout": 2000
        }
      ],
      "passes": [],
      "failures": [],
      "pending": [],
      "skipped": [],
      "duration": 0,
      "root": true,
      "rootEmpty": true,
      "_timeout": 2000
    },
    {
      "uuid": "184aaaff-f1f2-4b74-8328-f3a77aefb34b",
      "title": "",
      "fullFile": "cypress/tests/home-screen-filtering.cy.js",
      "file": "cypress/tests/home-screen-filtering.cy.js",
      "beforeHooks": [],
      "afterHooks": [],
      "tests": [],
      "suites": [
        {
          "uuid": "4ead228f-40a2-45f3-a124-2f8a3339d680",
          "title": "Home screen tests",
          "fullFile": "",
          "file": "",
          "beforeHooks": [],
          "afterHooks": [],
          "tests": [
            {
              "title": "items should be filtered after applying a low alcohol filter",
              "fullTitle": "Home screen tests items should be filtered after applying a low alcohol filter",
              "timedOut": null,
              "duration": 1812,
              "state": "passed",
              "speed": "fast",
              "pass": true,
              "fail": false,
              "pending": false,
              "context": null,
              "code": "interceptFiltering(\"alcohol-volume=slaboalkoholni\");\nlet firstItemName;\ncy.get(_homePage.default.cocktailCard).find(\".cart__name\").first().invoke('text').then(itemTitle => {\n  firstItemName = itemTitle;\n});\n// applying the low alcohol filter\ncy.get(_homePage.default.filters.lowalcohol).click();\n// checking that proper tag is shown\ncy.get(_homePage.default.filters.lowalcoholTag).should('be.visible');\ncy.wait(\"@sortingApplied\").then(({\n  response: {\n    body: {\n      cocktails: cocktails\n    }\n  }\n}) => {\n  cy.get(_homePage.default.cocktailCard).each(item => {\n    const itemText = item.text().trim();\n    expect(itemText).to.contain(cocktails[item.index()].name);\n  });\n  // checking that the first element name is changed after applying filters\n  cy.get(_homePage.default.cocktailCard).find(\".cart__name\").first().should('not.contain', firstItemName);\n});",
              "err": {},
              "uuid": "4c985d06-72f9-4df7-918a-36bdba11fe1f",
              "parentUUID": "4ead228f-40a2-45f3-a124-2f8a3339d680",
              "isHook": false,
              "skipped": false
            }
          ],
          "suites": [],
          "passes": [
            "4c985d06-72f9-4df7-918a-36bdba11fe1f"
          ],
          "failures": [],
          "pending": [],
          "skipped": [],
          "duration": 1812,
          "root": false,
          "rootEmpty": false,
          "_timeout": 2000
        }
      ],
      "passes": [],
      "failures": [],
      "pending": [],
      "skipped": [],
      "duration": 0,
      "root": true,
      "rootEmpty": true,
      "_timeout": 2000
    },
    {
      "uuid": "df78934b-426a-47a2-9055-ea5111bb527d",
      "title": "",
      "fullFile": "cypress/tests/home-screen-sorting.cy.js",
      "file": "cypress/tests/home-screen-sorting.cy.js",
      "beforeHooks": [],
      "afterHooks": [],
      "tests": [],
      "suites": [
        {
          "uuid": "e925178e-54b1-49a9-82be-8e25b0e3da11",
          "title": "Home screen tests",
          "fullFile": "",
          "file": "",
          "beforeHooks": [],
          "afterHooks": [],
          "tests": [
            {
              "title": "items should be reordered after sorting applying",
              "fullTitle": "Home screen tests items should be reordered after sorting applying",
              "timedOut": null,
              "duration": 0,
              "state": "pending",
              "speed": null,
              "pass": false,
              "fail": false,
              "pending": true,
              "context": null,
              "code": "interceptSorting(\"sort=biggest-rate\");\ncy.get(_homePage.default.sorting.byRate).click();\ncy.get(_homePage.default.sorting.byRate).click();\ncy.wait(\"@sortingApplied\").then(({\n  response: {\n    body: {\n      cocktails: cocktails\n    }\n  }\n}) => {\n  cy.get(_homePage.default.cocktailCard).each(item => {\n    const itemText = item.text().trim();\n    expect(itemText).to.contain(cocktails[item.index()].name);\n  });\n});",
              "err": {},
              "uuid": "8d332663-c485-4145-bbda-66eeec630ff6",
              "parentUUID": "e925178e-54b1-49a9-82be-8e25b0e3da11",
              "isHook": false,
              "skipped": false
            }
          ],
          "suites": [],
          "passes": [],
          "failures": [],
          "pending": [
            "8d332663-c485-4145-bbda-66eeec630ff6"
          ],
          "skipped": [],
          "duration": 0,
          "root": false,
          "rootEmpty": false,
          "_timeout": 2000
        }
      ],
      "passes": [],
      "failures": [],
      "pending": [],
      "skipped": [],
      "duration": 0,
      "root": true,
      "rootEmpty": true,
      "_timeout": 2000
    },
    {
      "uuid": "fbc565e9-7656-4bc8-bbc1-a5648bbdcffb",
      "title": "",
      "fullFile": "cypress/tests/search.cy.js",
      "file": "cypress/tests/search.cy.js",
      "beforeHooks": [],
      "afterHooks": [],
      "tests": [],
      "suites": [
        {
          "uuid": "2cd6792a-90f9-4867-80ec-008350d76320",
          "title": "search cocktail tests",
          "fullFile": "",
          "file": "",
          "beforeHooks": [],
          "afterHooks": [],
          "tests": [
            {
              "title": "search from home screen",
              "fullTitle": "search cocktail tests search from home screen",
              "timedOut": null,
              "duration": 1661,
              "state": "passed",
              "speed": "fast",
              "pass": true,
              "fail": false,
              "pending": false,
              "context": null,
              "code": "let searchSuggestion;\ncy.get(_homePage.default.search).type('м');\ncy.get(_homePage.default.searchSuggestions).first().then(searchSug => {\n  searchSuggestion = searchSug.text().trim();\n  console.log(searchSuggestion);\n  cy.wrap(searchSug).click();\n  cy.get('h1').should('contain', searchSuggestion);\n});",
              "err": {},
              "uuid": "54add608-54e2-451c-85b8-8f6c8952b59b",
              "parentUUID": "2cd6792a-90f9-4867-80ec-008350d76320",
              "isHook": false,
              "skipped": false
            }
          ],
          "suites": [],
          "passes": [
            "54add608-54e2-451c-85b8-8f6c8952b59b"
          ],
          "failures": [],
          "pending": [],
          "skipped": [],
          "duration": 1661,
          "root": false,
          "rootEmpty": false,
          "_timeout": 2000
        }
      ],
      "passes": [],
      "failures": [],
      "pending": [],
      "skipped": [],
      "duration": 0,
      "root": true,
      "rootEmpty": true,
      "_timeout": 2000
    },
    {
      "uuid": "e64bfec5-1b6d-4edf-99c4-3598f72c6f51",
      "title": "",
      "fullFile": "cypress/tests/cocktail.cy.js",
      "file": "cypress/tests/cocktail.cy.js",
      "beforeHooks": [],
      "afterHooks": [],
      "tests": [],
      "suites": [
        {
          "uuid": "f27d7570-926f-4088-9fd2-43e892d582e9",
          "title": "A cocktail's screen tests",
          "fullFile": "",
          "file": "",
          "beforeHooks": [],
          "afterHooks": [],
          "tests": [
            {
              "title": "Check the required elements are shown on the page",
              "fullTitle": "A cocktail's screen tests Check the required elements are shown on the page",
              "timedOut": null,
              "duration": 1816,
              "state": "passed",
              "speed": "fast",
              "pass": true,
              "fail": false,
              "pending": false,
              "context": null,
              "code": "cy.intercept({\n  method: \"GET\",\n  url: \"/v2/cocktail/*\"\n}).as(\"cocktail\");\ncy.get(\".cocktails-body__list\").find(\".list__item\").eq(0).click();\ncy.wait('@cocktail').then(({\n  response: {\n    body: cocktail\n  }\n}) => {\n  cy.get(_cocktailPage.default.title).should('contain', cocktail.name);\n  cy.get(_cocktailPage.default.recipeItem).each(listItem => {\n    const itemText = listItem.text();\n    expect(itemText).to.equal(cocktail.receipt[listItem.index()]);\n  });\n  cy.get(_cocktailPage.default.component).each(listItem => {\n    const itemText = listItem.text();\n    expect(itemText).contains(cocktail.goods[listItem.index()].name);\n  });\n  cy.get(_cocktailPage.default.tools).each(listItem => {\n    const itemText = listItem.text();\n    expect(itemText).contains(cocktail.tools[listItem.index()].name);\n  });\n});",
              "err": {},
              "uuid": "238832c3-c4f9-4f38-a0e1-5612b7bde74b",
              "parentUUID": "f27d7570-926f-4088-9fd2-43e892d582e9",
              "isHook": false,
              "skipped": false
            }
          ],
          "suites": [],
          "passes": [
            "238832c3-c4f9-4f38-a0e1-5612b7bde74b"
          ],
          "failures": [],
          "pending": [],
          "skipped": [],
          "duration": 1816,
          "root": false,
          "rootEmpty": false,
          "_timeout": 2000
        }
      ],
      "passes": [],
      "failures": [],
      "pending": [],
      "skipped": [],
      "duration": 0,
      "root": true,
      "rootEmpty": true,
      "_timeout": 2000
    }
  ],
  "meta": {
    "mocha": {
      "version": "7.0.1"
    },
    "mochawesome": {
      "options": {
        "quiet": false,
        "reportFilename": "mochawesome",
        "saveHtml": false,
        "saveJson": true,
        "consoleReporter": "spec",
        "useInlineDiffs": false,
        "code": true
      },
      "version": "7.1.3"
    },
    "marge": {
      "options": {
        "id": "default",
        "reportDir": "cypress/results/mochawesome",
        "overwrite": false,
        "html": false,
        "json": true
      },
      "version": "6.2.0"
    }
  }
}