{
  "stats": {
    "suites": 4,
    "tests": 7,
    "passes": 7,
    "pending": 0,
    "failures": 0,
    "testsRegistered": 7,
    "passPercent": 100,
    "pendingPercent": 0,
    "other": 0,
    "hasOther": false,
    "skipped": 0,
    "hasSkipped": false,
    "start": "2023-05-15T16:01:01.732Z",
    "end": "2023-05-15T16:01:18.738Z",
    "duration": 17006
  },
  "results": [
    {
      "uuid": "64e5e5b0-db25-4785-ae47-6e1a4acb2b8f",
      "title": "",
      "fullFile": "cypress/tests/home-mobile.cy.js",
      "file": "cypress/tests/home-mobile.cy.js",
      "beforeHooks": [],
      "afterHooks": [],
      "tests": [],
      "suites": [
        {
          "uuid": "73583fcb-d90e-4262-a8a6-51ff5710d496",
          "title": "Home screen elements on the different screen resolutions",
          "fullFile": "",
          "file": "",
          "beforeHooks": [],
          "afterHooks": [],
          "tests": [],
          "suites": [
            {
              "uuid": "6d335bff-3f35-4181-9be0-f12ab5731157",
              "title": "for iphone-6 screen size",
              "fullFile": "",
              "file": "",
              "beforeHooks": [],
              "afterHooks": [],
              "tests": [
                {
                  "title": "can view the cocktails list and open the detailed cocktail screen",
                  "fullTitle": "Home screen elements on the different screen resolutions for iphone-6 screen size can view the cocktails list and open the detailed cocktail screen",
                  "timedOut": null,
                  "duration": 2143,
                  "state": "passed",
                  "speed": "fast",
                  "pass": true,
                  "fail": false,
                  "pending": false,
                  "context": null,
                  "code": "cy.intercept({\n  method: \"GET\",\n  url: \"/v2/cocktails/full*\"\n}).as(\"cocktail\");\ncy.request({\n  method: 'GET',\n  url: 'https://whale-app-iz3av.ondigitalocean.app/v2/search/cocktails?page=0',\n  headers: {\n    'Content-Type': 'application/json'\n  }\n}).then(cocktailsList => {\n  const cocktails = cocktailsList.body.cocktails;\n  cy.get(_homePage.default.vertical.selector.sorting.byRate).should(\"be.visible\");\n  cy.get(_homePage.default.vertical.selector.search).should(\"be.visible\");\n  cy.get(_homePage.default.vertical.selector.cocktailCard).each(item => {\n    const itemText = item.text().trim();\n    expect(itemText).to.contain(cocktails[item.index()].name);\n  });\n  cy.get(_homePage.default.vertical.selector.cocktailCard).eq(5).click();\n  cy.wait('@cocktail').then(cocktail => {\n    const details = cocktail.response.body;\n    const receipt = details.receipt;\n    const goods = details.goods;\n    const tools = details.tools;\n    cy.get(_cocktailPage.default.vertical.selector.title).should('contain', details.name);\n    cy.get(_cocktailPage.default.vertical.selector.recipeItem).each(listItem => {\n      const itemText = listItem.text();\n      expect(itemText).to.equal(receipt[listItem.index()]);\n    });\n    cy.get(_cocktailPage.default.vertical.selector.component).find('[data-cy=\"ingredient\"]').each(listItem => {\n      const itemText = listItem.text();\n      expect(itemText).contains(goods[listItem.index()].name);\n    });\n    cy.get(_cocktailPage.default.vertical.selector.tools).find('[data-cy=\"ingredient\"]').each(listItem => {\n      const itemText = listItem.text();\n      expect(itemText).contains(tools[listItem.index()].name);\n    });\n  });\n});",
                  "err": {},
                  "uuid": "51b243a2-b860-4fe1-b214-e4959c8fd8e4",
                  "parentUUID": "6d335bff-3f35-4181-9be0-f12ab5731157",
                  "isHook": false,
                  "skipped": false
                }
              ],
              "suites": [],
              "passes": [
                "51b243a2-b860-4fe1-b214-e4959c8fd8e4"
              ],
              "failures": [],
              "pending": [],
              "skipped": [],
              "duration": 2143,
              "root": false,
              "rootEmpty": false,
              "_timeout": 2000
            },
            {
              "uuid": "ca4a1440-0d15-4634-8d0f-9114f2f00035",
              "title": "for ipad-2 screen size",
              "fullFile": "",
              "file": "",
              "beforeHooks": [],
              "afterHooks": [],
              "tests": [
                {
                  "title": "can view the cocktails list and open the detailed cocktail screen",
                  "fullTitle": "Home screen elements on the different screen resolutions for ipad-2 screen size can view the cocktails list and open the detailed cocktail screen",
                  "timedOut": null,
                  "duration": 2367,
                  "state": "passed",
                  "speed": "fast",
                  "pass": true,
                  "fail": false,
                  "pending": false,
                  "context": null,
                  "code": "cy.intercept({\n  method: \"GET\",\n  url: \"/v2/cocktails/full*\"\n}).as(\"cocktail\");\ncy.request({\n  method: 'GET',\n  url: 'https://whale-app-iz3av.ondigitalocean.app/v2/search/cocktails?page=0',\n  headers: {\n    'Content-Type': 'application/json'\n  }\n}).then(cocktailsList => {\n  const cocktails = cocktailsList.body.cocktails;\n  cy.get(_homePage.default.vertical.selector.sorting.byRate).should(\"be.visible\");\n  cy.get(_homePage.default.vertical.selector.search).should(\"be.visible\");\n  cy.get(_homePage.default.vertical.selector.cocktailCard).each(item => {\n    const itemText = item.text().trim();\n    expect(itemText).to.contain(cocktails[item.index()].name);\n  });\n  cy.get(_homePage.default.vertical.selector.cocktailCard).eq(5).click();\n  cy.wait('@cocktail').then(cocktail => {\n    const details = cocktail.response.body;\n    const receipt = details.receipt;\n    const goods = details.goods;\n    const tools = details.tools;\n    cy.get(_cocktailPage.default.vertical.selector.title).should('contain', details.name);\n    cy.get(_cocktailPage.default.vertical.selector.recipeItem).each(listItem => {\n      const itemText = listItem.text();\n      expect(itemText).to.equal(receipt[listItem.index()]);\n    });\n    cy.get(_cocktailPage.default.vertical.selector.component).find('[data-cy=\"ingredient\"]').each(listItem => {\n      const itemText = listItem.text();\n      expect(itemText).contains(goods[listItem.index()].name);\n    });\n    cy.get(_cocktailPage.default.vertical.selector.tools).find('[data-cy=\"ingredient\"]').each(listItem => {\n      const itemText = listItem.text();\n      expect(itemText).contains(tools[listItem.index()].name);\n    });\n  });\n});",
                  "err": {},
                  "uuid": "304f2cec-e32b-4340-a31e-87bc813d3703",
                  "parentUUID": "ca4a1440-0d15-4634-8d0f-9114f2f00035",
                  "isHook": false,
                  "skipped": false
                }
              ],
              "suites": [],
              "passes": [
                "304f2cec-e32b-4340-a31e-87bc813d3703"
              ],
              "failures": [],
              "pending": [],
              "skipped": [],
              "duration": 2367,
              "root": false,
              "rootEmpty": false,
              "_timeout": 2000
            },
            {
              "uuid": "6c0e3bf7-6094-41de-a2a1-e54874d06b02",
              "title": "for macbook-13 screen size",
              "fullFile": "",
              "file": "",
              "beforeHooks": [],
              "afterHooks": [],
              "tests": [
                {
                  "title": "can view the cocktails list and open the detailed cocktail screen",
                  "fullTitle": "Home screen elements on the different screen resolutions for macbook-13 screen size can view the cocktails list and open the detailed cocktail screen",
                  "timedOut": null,
                  "duration": 2050,
                  "state": "passed",
                  "speed": "fast",
                  "pass": true,
                  "fail": false,
                  "pending": false,
                  "context": null,
                  "code": "cy.intercept({\n  method: \"GET\",\n  url: \"/v2/cocktails/full*\"\n}).as(\"cocktail\");\ncy.request({\n  method: 'GET',\n  url: 'https://whale-app-iz3av.ondigitalocean.app/v2/search/cocktails?page=0',\n  headers: {\n    'Content-Type': 'application/json'\n  }\n}).then(cocktailsList => {\n  const cocktails = cocktailsList.body.cocktails;\n  cy.get(_homePage.default.vertical.selector.sorting.byRate).should(\"be.visible\");\n  cy.get(_homePage.default.vertical.selector.search).should(\"be.visible\");\n  cy.get(_homePage.default.vertical.selector.cocktailCard).each(item => {\n    const itemText = item.text().trim();\n    expect(itemText).to.contain(cocktails[item.index()].name);\n  });\n  cy.get(_homePage.default.vertical.selector.cocktailCard).eq(5).click();\n  cy.wait('@cocktail').then(cocktail => {\n    const details = cocktail.response.body;\n    const receipt = details.receipt;\n    const goods = details.goods;\n    const tools = details.tools;\n    cy.get(_cocktailPage.default.vertical.selector.title).should('contain', details.name);\n    cy.get(_cocktailPage.default.vertical.selector.recipeItem).each(listItem => {\n      const itemText = listItem.text();\n      expect(itemText).to.equal(receipt[listItem.index()]);\n    });\n    cy.get(_cocktailPage.default.vertical.selector.component).find('[data-cy=\"ingredient\"]').each(listItem => {\n      const itemText = listItem.text();\n      expect(itemText).contains(goods[listItem.index()].name);\n    });\n    cy.get(_cocktailPage.default.vertical.selector.tools).find('[data-cy=\"ingredient\"]').each(listItem => {\n      const itemText = listItem.text();\n      expect(itemText).contains(tools[listItem.index()].name);\n    });\n  });\n});",
                  "err": {},
                  "uuid": "a39edf88-56b5-40b0-b685-e87fb28de7f2",
                  "parentUUID": "6c0e3bf7-6094-41de-a2a1-e54874d06b02",
                  "isHook": false,
                  "skipped": false
                }
              ],
              "suites": [],
              "passes": [
                "a39edf88-56b5-40b0-b685-e87fb28de7f2"
              ],
              "failures": [],
              "pending": [],
              "skipped": [],
              "duration": 2050,
              "root": false,
              "rootEmpty": false,
              "_timeout": 2000
            }
          ],
          "passes": [],
          "failures": [],
          "pending": [],
          "skipped": [],
          "duration": 0,
          "root": false,
          "rootEmpty": false,
          "_timeout": 2000
        }
      ],
      "passes": [],
      "failures": [],
      "pending": [],
      "skipped": [],
      "duration": 0,
      "root": true,
      "rootEmpty": true,
      "_timeout": 2000
    },
    {
      "uuid": "5f7f3f69-26b0-4588-89f9-62932b987751",
      "title": "",
      "fullFile": "cypress/tests/home-screen.cy.js",
      "file": "cypress/tests/home-screen.cy.js",
      "beforeHooks": [],
      "afterHooks": [],
      "tests": [],
      "suites": [
        {
          "uuid": "433b2b67-3f5f-43a8-a1e3-4049438f6816",
          "title": "Home screen tests",
          "fullFile": "",
          "file": "",
          "beforeHooks": [],
          "afterHooks": [],
          "tests": [
            {
              "title": "items should be reordered after sorting applying",
              "fullTitle": "Home screen tests items should be reordered after sorting applying",
              "timedOut": null,
              "duration": 2198,
              "state": "passed",
              "speed": "fast",
              "pass": true,
              "fail": false,
              "pending": false,
              "context": null,
              "code": "interceptSorting(\"sort=biggest-rate\");\ncy.get(_homePage.default.vertical.selector.sorting.byRate).click();\ncy.get(_homePage.default.vertical.selector.sorting.byRate).click();\ncy.get(_homePage.default.vertical.selector.sorting.byRate).click();\ncy.wait(\"@sortingApplied\").its('response.body').then(body => {\n  const cocktails = body.cocktails;\n  cy.get(_homePage.default.vertical.selector.cocktailCard).each(item => {\n    const itemText = item.text().trim();\n    expect(itemText).to.contain(cocktails[item.index()].name);\n  });\n});",
              "err": {},
              "uuid": "fd5fbd66-fcd8-42b2-bd69-a1f0d040e83d",
              "parentUUID": "433b2b67-3f5f-43a8-a1e3-4049438f6816",
              "isHook": false,
              "skipped": false
            },
            {
              "title": "items should be filteres after applying a low alcohol filter",
              "fullTitle": "Home screen tests items should be filteres after applying a low alcohol filter",
              "timedOut": null,
              "duration": 1970,
              "state": "passed",
              "speed": "fast",
              "pass": true,
              "fail": false,
              "pending": false,
              "context": null,
              "code": "interceptSorting(\"alcohol-volume=1\");\nlet firstItemName;\ncy.get(_homePage.default.vertical.selector.cocktailCard).find(\".cart__name\").first().invoke('text').then(itemTitle => {\n  firstItemName = itemTitle;\n});\n// applying the low alcohol filter\ncy.get(_homePage.default.vertical.selector.filters.lowalcohol).click();\n// checking that proper tag is shown\ncy.get(_homePage.default.vertical.selector.filters.lowalcoholTag).should('be.visible');\n// applying the low alcohol filter again because when it clicked programatically the request is not sent\ncy.get(_homePage.default.vertical.selector.filters.lowalcohol).click();\ncy.wait(\"@sortingApplied\").its('response.body').then(body => {\n  const cocktails = body.cocktails;\n  cy.get(_homePage.default.vertical.selector.cocktailCard).each(item => {\n    const itemText = item.text().trim();\n    expect(itemText).to.contain(cocktails[item.index()].name);\n  });\n  // checking that the first element name is changed after applying filters\n  cy.get(_homePage.default.vertical.selector.cocktailCard).find(\".cart__name\").first().should('not.contain', firstItemName);\n});",
              "err": {},
              "uuid": "82eded7f-f944-4dcd-ac99-b32b97bb66a1",
              "parentUUID": "433b2b67-3f5f-43a8-a1e3-4049438f6816",
              "isHook": false,
              "skipped": false
            }
          ],
          "suites": [],
          "passes": [
            "fd5fbd66-fcd8-42b2-bd69-a1f0d040e83d",
            "82eded7f-f944-4dcd-ac99-b32b97bb66a1"
          ],
          "failures": [],
          "pending": [],
          "skipped": [],
          "duration": 4168,
          "root": false,
          "rootEmpty": false,
          "_timeout": 2000
        }
      ],
      "passes": [],
      "failures": [],
      "pending": [],
      "skipped": [],
      "duration": 0,
      "root": true,
      "rootEmpty": true,
      "_timeout": 2000
    },
    {
      "uuid": "92b7081b-20f5-44fc-a3d8-6fdbaa46c076",
      "title": "",
      "fullFile": "cypress/tests/search.cy.js",
      "file": "cypress/tests/search.cy.js",
      "beforeHooks": [],
      "afterHooks": [],
      "tests": [],
      "suites": [
        {
          "uuid": "357af908-fc9b-4271-8b86-d8c01f1371f6",
          "title": "search cocktail tests",
          "fullFile": "",
          "file": "",
          "beforeHooks": [],
          "afterHooks": [],
          "tests": [
            {
              "title": "search from home screen",
              "fullTitle": "search cocktail tests search from home screen",
              "timedOut": null,
              "duration": 1999,
              "state": "passed",
              "speed": "fast",
              "pass": true,
              "fail": false,
              "pending": false,
              "context": null,
              "code": "let searchSuggestion;\ncy.get(_homePage.default.vertical.selector.search).type('м');\ncy.get(_homePage.default.vertical.selector.searchSuggestions).first().then(searchSug => {\n  searchSuggestion = searchSug.text().trim();\n  console.log(searchSuggestion);\n  cy.wrap(searchSug).click();\n  cy.get('h1').should('contain', searchSuggestion);\n});",
              "err": {},
              "uuid": "8efc9452-7a84-4ece-96b5-af1277365486",
              "parentUUID": "357af908-fc9b-4271-8b86-d8c01f1371f6",
              "isHook": false,
              "skipped": false
            }
          ],
          "suites": [],
          "passes": [
            "8efc9452-7a84-4ece-96b5-af1277365486"
          ],
          "failures": [],
          "pending": [],
          "skipped": [],
          "duration": 1999,
          "root": false,
          "rootEmpty": false,
          "_timeout": 2000
        }
      ],
      "passes": [],
      "failures": [],
      "pending": [],
      "skipped": [],
      "duration": 0,
      "root": true,
      "rootEmpty": true,
      "_timeout": 2000
    },
    {
      "uuid": "38f21caa-765c-4071-a6e7-ddf632a0d965",
      "title": "",
      "fullFile": "cypress/tests/cocktail.cy.js",
      "file": "cypress/tests/cocktail.cy.js",
      "beforeHooks": [],
      "afterHooks": [],
      "tests": [],
      "suites": [
        {
          "uuid": "9162fe1c-4ac8-4257-bcee-bc9129bcf4f4",
          "title": "A cocktail's screen tests",
          "fullFile": "",
          "file": "",
          "beforeHooks": [],
          "afterHooks": [],
          "tests": [
            {
              "title": "Check the required elements are shown on the page",
              "fullTitle": "A cocktail's screen tests Check the required elements are shown on the page",
              "timedOut": null,
              "duration": 1858,
              "state": "passed",
              "speed": "fast",
              "pass": true,
              "fail": false,
              "pending": false,
              "context": null,
              "code": "cy.intercept({\n  method: \"GET\",\n  url: \"/v2/cocktails/full*\"\n}).as(\"cocktail\");\ncy.get(\".cocktails-body__list\").find(\".list__item\").eq(0).click();\ncy.wait('@cocktail').then(cocktail => {\n  const details = cocktail.response.body;\n  const receipt = details.receipt;\n  const goods = details.goods;\n  const tools = details.tools;\n  cy.get(_cocktailPage.default.vertical.selector.title).should('contain', details.name);\n  cy.get(_cocktailPage.default.vertical.selector.recipeItem).each(listItem => {\n    const itemText = listItem.text();\n    expect(itemText).to.equal(receipt[listItem.index()]);\n  });\n  cy.get(_cocktailPage.default.vertical.selector.component).find('[data-cy=\"ingredient\"]').each(listItem => {\n    const itemText = listItem.text();\n    expect(itemText).contains(goods[listItem.index()].name);\n  });\n  cy.get(_cocktailPage.default.vertical.selector.tools).find('[data-cy=\"ingredient\"]').each(listItem => {\n    const itemText = listItem.text();\n    expect(itemText).contains(tools[listItem.index()].name);\n  });\n});",
              "err": {},
              "uuid": "9636604d-20e2-439c-93f1-2912afdf51ac",
              "parentUUID": "9162fe1c-4ac8-4257-bcee-bc9129bcf4f4",
              "isHook": false,
              "skipped": false
            }
          ],
          "suites": [],
          "passes": [
            "9636604d-20e2-439c-93f1-2912afdf51ac"
          ],
          "failures": [],
          "pending": [],
          "skipped": [],
          "duration": 1858,
          "root": false,
          "rootEmpty": false,
          "_timeout": 2000
        }
      ],
      "passes": [],
      "failures": [],
      "pending": [],
      "skipped": [],
      "duration": 0,
      "root": true,
      "rootEmpty": true,
      "_timeout": 2000
    }
  ],
  "meta": {
    "mocha": {
      "version": "7.0.1"
    },
    "mochawesome": {
      "options": {
        "quiet": false,
        "reportFilename": "mochawesome",
        "saveHtml": false,
        "saveJson": true,
        "consoleReporter": "spec",
        "useInlineDiffs": false,
        "code": true
      },
      "version": "7.1.3"
    },
    "marge": {
      "options": {
        "id": "default",
        "reportDir": "cypress/results/mochawesome",
        "overwrite": false,
        "html": false,
        "json": true
      },
      "version": "6.2.0"
    }
  }
}