{
  "stats": {
    "suites": 4,
    "tests": 7,
    "passes": 7,
    "pending": 0,
    "failures": 0,
    "testsRegistered": 7,
    "passPercent": 100,
    "pendingPercent": 0,
    "other": 0,
    "hasOther": false,
    "skipped": 0,
    "hasSkipped": false,
    "start": "2023-05-15T15:43:39.133Z",
    "end": "2023-05-15T15:43:57.355Z",
    "duration": 18222
  },
  "results": [
    {
      "uuid": "47dc07ec-18c2-41db-958a-bad8f1f4ef25",
      "title": "",
      "fullFile": "cypress/tests/home-mobile.cy.js",
      "file": "cypress/tests/home-mobile.cy.js",
      "beforeHooks": [],
      "afterHooks": [],
      "tests": [],
      "suites": [
        {
          "uuid": "a5f186e9-1e8b-4fab-bfc7-9f120e1b2102",
          "title": "Home screen elements on the different screen resolutions",
          "fullFile": "",
          "file": "",
          "beforeHooks": [],
          "afterHooks": [],
          "tests": [],
          "suites": [
            {
              "uuid": "3fe3cac1-2011-4947-b6ec-80d70cc87f99",
              "title": "for iphone-6 screen size",
              "fullFile": "",
              "file": "",
              "beforeHooks": [],
              "afterHooks": [],
              "tests": [
                {
                  "title": "can view the cocktails list and open the detailed cocktail screen",
                  "fullTitle": "Home screen elements on the different screen resolutions for iphone-6 screen size can view the cocktails list and open the detailed cocktail screen",
                  "timedOut": null,
                  "duration": 2049,
                  "state": "passed",
                  "speed": "fast",
                  "pass": true,
                  "fail": false,
                  "pending": false,
                  "context": null,
                  "code": "cy.intercept({\n  method: \"GET\",\n  url: \"/v2/cocktails/full*\"\n}).as(\"cocktail\");\ncy.request({\n  method: 'GET',\n  url: 'https://whale-app-iz3av.ondigitalocean.app/v2/search/cocktails?page=0',\n  headers: {\n    'Content-Type': 'application/json'\n  }\n}).then(cocktailsList => {\n  const cocktails = cocktailsList.body.cocktails;\n  cy.get(_homePage.default.vertical.selector.sorting.byRate).should(\"be.visible\");\n  cy.get(_homePage.default.vertical.selector.search).should(\"be.visible\");\n  cy.get(_homePage.default.vertical.selector.cocktailCard).each(item => {\n    const itemText = item.text().trim();\n    expect(itemText).to.contain(cocktails[item.index()].name);\n  });\n  cy.get(_homePage.default.vertical.selector.cocktailCard).eq(5).click();\n  cy.wait('@cocktail').then(cocktail => {\n    const details = cocktail.response.body;\n    const receipt = details.receipt;\n    const goods = details.goods;\n    const tools = details.tools;\n    cy.get(_cocktailPage.default.vertical.selector.title).should('contain', details.name);\n    cy.get(_cocktailPage.default.vertical.selector.recipeItem).each(listItem => {\n      const itemText = listItem.text();\n      expect(itemText).to.equal(receipt[listItem.index()]);\n    });\n    cy.get(_cocktailPage.default.vertical.selector.component).find('[data-cy=\"ingredient\"]').each(listItem => {\n      const itemText = listItem.text();\n      expect(itemText).contains(goods[listItem.index()].name);\n    });\n    cy.get(_cocktailPage.default.vertical.selector.tools).find('[data-cy=\"ingredient\"]').each(listItem => {\n      const itemText = listItem.text();\n      expect(itemText).contains(tools[listItem.index()].name);\n    });\n  });\n});",
                  "err": {},
                  "uuid": "eee064aa-6a60-4b73-aeff-6fe7bc6779a0",
                  "parentUUID": "3fe3cac1-2011-4947-b6ec-80d70cc87f99",
                  "isHook": false,
                  "skipped": false
                }
              ],
              "suites": [],
              "passes": [
                "eee064aa-6a60-4b73-aeff-6fe7bc6779a0"
              ],
              "failures": [],
              "pending": [],
              "skipped": [],
              "duration": 2049,
              "root": false,
              "rootEmpty": false,
              "_timeout": 2000
            },
            {
              "uuid": "3dc1d880-ffdd-4045-938f-4d19cc1f4c13",
              "title": "for ipad-2 screen size",
              "fullFile": "",
              "file": "",
              "beforeHooks": [],
              "afterHooks": [],
              "tests": [
                {
                  "title": "can view the cocktails list and open the detailed cocktail screen",
                  "fullTitle": "Home screen elements on the different screen resolutions for ipad-2 screen size can view the cocktails list and open the detailed cocktail screen",
                  "timedOut": null,
                  "duration": 2022,
                  "state": "passed",
                  "speed": "fast",
                  "pass": true,
                  "fail": false,
                  "pending": false,
                  "context": null,
                  "code": "cy.intercept({\n  method: \"GET\",\n  url: \"/v2/cocktails/full*\"\n}).as(\"cocktail\");\ncy.request({\n  method: 'GET',\n  url: 'https://whale-app-iz3av.ondigitalocean.app/v2/search/cocktails?page=0',\n  headers: {\n    'Content-Type': 'application/json'\n  }\n}).then(cocktailsList => {\n  const cocktails = cocktailsList.body.cocktails;\n  cy.get(_homePage.default.vertical.selector.sorting.byRate).should(\"be.visible\");\n  cy.get(_homePage.default.vertical.selector.search).should(\"be.visible\");\n  cy.get(_homePage.default.vertical.selector.cocktailCard).each(item => {\n    const itemText = item.text().trim();\n    expect(itemText).to.contain(cocktails[item.index()].name);\n  });\n  cy.get(_homePage.default.vertical.selector.cocktailCard).eq(5).click();\n  cy.wait('@cocktail').then(cocktail => {\n    const details = cocktail.response.body;\n    const receipt = details.receipt;\n    const goods = details.goods;\n    const tools = details.tools;\n    cy.get(_cocktailPage.default.vertical.selector.title).should('contain', details.name);\n    cy.get(_cocktailPage.default.vertical.selector.recipeItem).each(listItem => {\n      const itemText = listItem.text();\n      expect(itemText).to.equal(receipt[listItem.index()]);\n    });\n    cy.get(_cocktailPage.default.vertical.selector.component).find('[data-cy=\"ingredient\"]').each(listItem => {\n      const itemText = listItem.text();\n      expect(itemText).contains(goods[listItem.index()].name);\n    });\n    cy.get(_cocktailPage.default.vertical.selector.tools).find('[data-cy=\"ingredient\"]').each(listItem => {\n      const itemText = listItem.text();\n      expect(itemText).contains(tools[listItem.index()].name);\n    });\n  });\n});",
                  "err": {},
                  "uuid": "877717d2-ab96-4b44-94be-efc60221ef23",
                  "parentUUID": "3dc1d880-ffdd-4045-938f-4d19cc1f4c13",
                  "isHook": false,
                  "skipped": false
                }
              ],
              "suites": [],
              "passes": [
                "877717d2-ab96-4b44-94be-efc60221ef23"
              ],
              "failures": [],
              "pending": [],
              "skipped": [],
              "duration": 2022,
              "root": false,
              "rootEmpty": false,
              "_timeout": 2000
            },
            {
              "uuid": "ed47751a-0e24-422b-a146-8559994ca06b",
              "title": "for macbook-13 screen size",
              "fullFile": "",
              "file": "",
              "beforeHooks": [],
              "afterHooks": [],
              "tests": [
                {
                  "title": "can view the cocktails list and open the detailed cocktail screen",
                  "fullTitle": "Home screen elements on the different screen resolutions for macbook-13 screen size can view the cocktails list and open the detailed cocktail screen",
                  "timedOut": null,
                  "duration": 1945,
                  "state": "passed",
                  "speed": "fast",
                  "pass": true,
                  "fail": false,
                  "pending": false,
                  "context": null,
                  "code": "cy.intercept({\n  method: \"GET\",\n  url: \"/v2/cocktails/full*\"\n}).as(\"cocktail\");\ncy.request({\n  method: 'GET',\n  url: 'https://whale-app-iz3av.ondigitalocean.app/v2/search/cocktails?page=0',\n  headers: {\n    'Content-Type': 'application/json'\n  }\n}).then(cocktailsList => {\n  const cocktails = cocktailsList.body.cocktails;\n  cy.get(_homePage.default.vertical.selector.sorting.byRate).should(\"be.visible\");\n  cy.get(_homePage.default.vertical.selector.search).should(\"be.visible\");\n  cy.get(_homePage.default.vertical.selector.cocktailCard).each(item => {\n    const itemText = item.text().trim();\n    expect(itemText).to.contain(cocktails[item.index()].name);\n  });\n  cy.get(_homePage.default.vertical.selector.cocktailCard).eq(5).click();\n  cy.wait('@cocktail').then(cocktail => {\n    const details = cocktail.response.body;\n    const receipt = details.receipt;\n    const goods = details.goods;\n    const tools = details.tools;\n    cy.get(_cocktailPage.default.vertical.selector.title).should('contain', details.name);\n    cy.get(_cocktailPage.default.vertical.selector.recipeItem).each(listItem => {\n      const itemText = listItem.text();\n      expect(itemText).to.equal(receipt[listItem.index()]);\n    });\n    cy.get(_cocktailPage.default.vertical.selector.component).find('[data-cy=\"ingredient\"]').each(listItem => {\n      const itemText = listItem.text();\n      expect(itemText).contains(goods[listItem.index()].name);\n    });\n    cy.get(_cocktailPage.default.vertical.selector.tools).find('[data-cy=\"ingredient\"]').each(listItem => {\n      const itemText = listItem.text();\n      expect(itemText).contains(tools[listItem.index()].name);\n    });\n  });\n});",
                  "err": {},
                  "uuid": "ca06e546-ec93-4fef-b129-bb103c9a8605",
                  "parentUUID": "ed47751a-0e24-422b-a146-8559994ca06b",
                  "isHook": false,
                  "skipped": false
                }
              ],
              "suites": [],
              "passes": [
                "ca06e546-ec93-4fef-b129-bb103c9a8605"
              ],
              "failures": [],
              "pending": [],
              "skipped": [],
              "duration": 1945,
              "root": false,
              "rootEmpty": false,
              "_timeout": 2000
            }
          ],
          "passes": [],
          "failures": [],
          "pending": [],
          "skipped": [],
          "duration": 0,
          "root": false,
          "rootEmpty": false,
          "_timeout": 2000
        }
      ],
      "passes": [],
      "failures": [],
      "pending": [],
      "skipped": [],
      "duration": 0,
      "root": true,
      "rootEmpty": true,
      "_timeout": 2000
    },
    {
      "uuid": "665d99d2-fc73-4b98-b7bc-9c4b3c2a5662",
      "title": "",
      "fullFile": "cypress/tests/home-screen.cy.js",
      "file": "cypress/tests/home-screen.cy.js",
      "beforeHooks": [],
      "afterHooks": [],
      "tests": [],
      "suites": [
        {
          "uuid": "3b474401-0195-44d6-8e90-cd4679642715",
          "title": "Home screen tests",
          "fullFile": "",
          "file": "",
          "beforeHooks": [],
          "afterHooks": [],
          "tests": [
            {
              "title": "items should be reordered after sorting applying",
              "fullTitle": "Home screen tests items should be reordered after sorting applying",
              "timedOut": null,
              "duration": 1904,
              "state": "passed",
              "speed": "fast",
              "pass": true,
              "fail": false,
              "pending": false,
              "context": null,
              "code": "interceptSorting(\"sort=biggest-rate\");\ncy.get(_homePage.default.vertical.selector.sorting.byRate).click();\ncy.get(_homePage.default.vertical.selector.sorting.byRate).click();\ncy.get(_homePage.default.vertical.selector.sorting.byRate).click();\ncy.wait(\"@sortingApplied\").its('response.body').then(body => {\n  const cocktails = body.cocktails;\n  cy.get(_homePage.default.vertical.selector.cocktailCard).each(item => {\n    const itemText = item.text().trim();\n    expect(itemText).to.contain(cocktails[item.index()].name);\n  });\n});",
              "err": {},
              "uuid": "ef037480-d7d4-4276-8213-780bd9056375",
              "parentUUID": "3b474401-0195-44d6-8e90-cd4679642715",
              "isHook": false,
              "skipped": false
            },
            {
              "title": "items should be filteres after applying a low alcohol filter",
              "fullTitle": "Home screen tests items should be filteres after applying a low alcohol filter",
              "timedOut": null,
              "duration": 2192,
              "state": "passed",
              "speed": "fast",
              "pass": true,
              "fail": false,
              "pending": false,
              "context": null,
              "code": "interceptSorting(\"alcohol-volume=1\");\nlet firstItemName;\ncy.get(_homePage.default.vertical.selector.cocktailCard).find(\".cart__name\").first().invoke('text').then(itemTitle => {\n  firstItemName = itemTitle;\n});\n// applying the low alcohol filter\ncy.get(_homePage.default.vertical.selector.filters.lowalcohol).click();\n// checking that proper tag is shown\ncy.get(_homePage.default.vertical.selector.filters.lowalcoholTag).should('be.visible');\n// applying the low alcohol filter again because when it clicked programatically the request is not sent\ncy.get(_homePage.default.vertical.selector.filters.lowalcohol).click();\ncy.wait(\"@sortingApplied\").its('response.body').then(body => {\n  const cocktails = body.cocktails;\n  cy.get(_homePage.default.vertical.selector.cocktailCard).each(item => {\n    const itemText = item.text().trim();\n    expect(itemText).to.contain(cocktails[item.index()].name);\n  });\n  // checking that the first element name is changed after applying filters\n  cy.get(_homePage.default.vertical.selector.cocktailCard).find(\".cart__name\").first().should('not.contain', firstItemName);\n});",
              "err": {},
              "uuid": "ebf709e6-a9b1-4a6e-b62a-6bce161934f5",
              "parentUUID": "3b474401-0195-44d6-8e90-cd4679642715",
              "isHook": false,
              "skipped": false
            }
          ],
          "suites": [],
          "passes": [
            "ef037480-d7d4-4276-8213-780bd9056375",
            "ebf709e6-a9b1-4a6e-b62a-6bce161934f5"
          ],
          "failures": [],
          "pending": [],
          "skipped": [],
          "duration": 4096,
          "root": false,
          "rootEmpty": false,
          "_timeout": 2000
        }
      ],
      "passes": [],
      "failures": [],
      "pending": [],
      "skipped": [],
      "duration": 0,
      "root": true,
      "rootEmpty": true,
      "_timeout": 2000
    },
    {
      "uuid": "a667730a-c7b7-422b-a440-956a1e563705",
      "title": "",
      "fullFile": "cypress/tests/search.cy.js",
      "file": "cypress/tests/search.cy.js",
      "beforeHooks": [],
      "afterHooks": [],
      "tests": [],
      "suites": [
        {
          "uuid": "240169c3-f6f9-4d4d-b828-13dfa68df3c5",
          "title": "search cocktail tests",
          "fullFile": "",
          "file": "",
          "beforeHooks": [],
          "afterHooks": [],
          "tests": [
            {
              "title": "search from home screen",
              "fullTitle": "search cocktail tests search from home screen",
              "timedOut": null,
              "duration": 2029,
              "state": "passed",
              "speed": "fast",
              "pass": true,
              "fail": false,
              "pending": false,
              "context": null,
              "code": "let searchSuggestion;\ncy.get(_homePage.default.vertical.selector.search).type('м');\ncy.get(_homePage.default.vertical.selector.searchSuggestions).first().then(searchSug => {\n  searchSuggestion = searchSug.text().trim();\n  console.log(searchSuggestion);\n  cy.wrap(searchSug).click();\n  cy.get('h1').should('contain', searchSuggestion);\n});",
              "err": {},
              "uuid": "a7482b09-44af-4e52-ab84-c131bf4278d2",
              "parentUUID": "240169c3-f6f9-4d4d-b828-13dfa68df3c5",
              "isHook": false,
              "skipped": false
            }
          ],
          "suites": [],
          "passes": [
            "a7482b09-44af-4e52-ab84-c131bf4278d2"
          ],
          "failures": [],
          "pending": [],
          "skipped": [],
          "duration": 2029,
          "root": false,
          "rootEmpty": false,
          "_timeout": 2000
        }
      ],
      "passes": [],
      "failures": [],
      "pending": [],
      "skipped": [],
      "duration": 0,
      "root": true,
      "rootEmpty": true,
      "_timeout": 2000
    },
    {
      "uuid": "07b8e569-1b05-4747-99d7-c3a4dbb2dcba",
      "title": "",
      "fullFile": "cypress/tests/cocktail.cy.js",
      "file": "cypress/tests/cocktail.cy.js",
      "beforeHooks": [],
      "afterHooks": [],
      "tests": [],
      "suites": [
        {
          "uuid": "786231c2-9071-4c20-b8b7-61840490c2df",
          "title": "A cocktail's screen tests",
          "fullFile": "",
          "file": "",
          "beforeHooks": [],
          "afterHooks": [],
          "tests": [
            {
              "title": "Check the required elements are shown on the page",
              "fullTitle": "A cocktail's screen tests Check the required elements are shown on the page",
              "timedOut": null,
              "duration": 3375,
              "state": "passed",
              "speed": "fast",
              "pass": true,
              "fail": false,
              "pending": false,
              "context": null,
              "code": "cy.intercept({\n  method: \"GET\",\n  url: \"/v2/cocktails/full*\"\n}).as(\"cocktail\");\ncy.get(\".cocktails-body__list\").find(\".list__item\").eq(0).click();\ncy.wait('@cocktail').then(cocktail => {\n  const details = cocktail.response.body;\n  const receipt = details.receipt;\n  const goods = details.goods;\n  const tools = details.tools;\n  cy.get(_cocktailPage.default.vertical.selector.title).should('contain', details.name);\n  cy.get(_cocktailPage.default.vertical.selector.recipeItem).each(listItem => {\n    const itemText = listItem.text();\n    expect(itemText).to.equal(receipt[listItem.index()]);\n  });\n  cy.get(_cocktailPage.default.vertical.selector.component).find('[data-cy=\"ingredient\"]').each(listItem => {\n    const itemText = listItem.text();\n    expect(itemText).contains(goods[listItem.index()].name);\n  });\n  cy.get(_cocktailPage.default.vertical.selector.tools).find('[data-cy=\"ingredient\"]').each(listItem => {\n    const itemText = listItem.text();\n    expect(itemText).contains(tools[listItem.index()].name);\n  });\n});",
              "err": {},
              "uuid": "6fb14409-6abd-4d7f-97b7-19415adea6fa",
              "parentUUID": "786231c2-9071-4c20-b8b7-61840490c2df",
              "isHook": false,
              "skipped": false
            }
          ],
          "suites": [],
          "passes": [
            "6fb14409-6abd-4d7f-97b7-19415adea6fa"
          ],
          "failures": [],
          "pending": [],
          "skipped": [],
          "duration": 3375,
          "root": false,
          "rootEmpty": false,
          "_timeout": 2000
        }
      ],
      "passes": [],
      "failures": [],
      "pending": [],
      "skipped": [],
      "duration": 0,
      "root": true,
      "rootEmpty": true,
      "_timeout": 2000
    }
  ],
  "meta": {
    "mocha": {
      "version": "7.0.1"
    },
    "mochawesome": {
      "options": {
        "quiet": false,
        "reportFilename": "mochawesome",
        "saveHtml": false,
        "saveJson": true,
        "consoleReporter": "spec",
        "useInlineDiffs": false,
        "code": true
      },
      "version": "7.1.3"
    },
    "marge": {
      "options": {
        "id": "default",
        "reportDir": "cypress/results/mochawesome",
        "overwrite": false,
        "html": false,
        "json": true
      },
      "version": "6.2.0"
    }
  }
}