{
  "stats": {
    "suites": 2,
    "tests": 4,
    "passes": 4,
    "pending": 0,
    "failures": 0,
    "testsRegistered": 4,
    "passPercent": 100,
    "pendingPercent": 0,
    "other": 0,
    "hasOther": false,
    "skipped": 0,
    "hasSkipped": false,
    "start": "2023-04-17T11:49:02.403Z",
    "end": "2023-04-17T11:49:11.674Z",
    "duration": 9271
  },
  "results": [
    {
      "uuid": "3e3920be-a8c7-4088-85fa-67f3f3fdd7e7",
      "title": "",
      "fullFile": "cypress/e2e/tests/home-screen.cy.js",
      "file": "cypress/e2e/tests/home-screen.cy.js",
      "beforeHooks": [],
      "afterHooks": [],
      "tests": [],
      "suites": [
        {
          "uuid": "60927323-8386-4f37-ba0b-331b606d7f71",
          "title": "Home screen tests",
          "fullFile": "",
          "file": "",
          "beforeHooks": [],
          "afterHooks": [],
          "tests": [
            {
              "title": "The cocktails list should be visible",
              "fullTitle": "Home screen tests The cocktails list should be visible",
              "timedOut": null,
              "duration": 910,
              "state": "passed",
              "speed": "fast",
              "pass": true,
              "fail": false,
              "pending": false,
              "context": null,
              "code": "cy.request({\n  method: 'GET',\n  url: 'https://whale-app-iz3av.ondigitalocean.app/v2/search/cocktails?page=0',\n  headers: {\n    'Content-Type': 'application/json'\n  }\n}).then(cocktailsList => {\n  const cocktails = cocktailsList.body.cocktails;\n  cy.get('.cocktails-body__list .list__item').each(item => {\n    const itemText = item.text().trim();\n    expect(itemText).to.contain(cocktails[item.index()].name);\n  });\n});",
              "err": {},
              "uuid": "efb7d324-2346-4a6c-a065-1b500e127c33",
              "parentUUID": "60927323-8386-4f37-ba0b-331b606d7f71",
              "isHook": false,
              "skipped": false
            },
            {
              "title": "items should be reordered after sorting applying",
              "fullTitle": "Home screen tests items should be reordered after sorting applying",
              "timedOut": null,
              "duration": 1951,
              "state": "passed",
              "speed": "fast",
              "pass": true,
              "fail": false,
              "pending": false,
              "context": null,
              "code": "cy.intercept({\n  method: \"GET\",\n  url: \"/v2/search/cocktails?page=0&sort=biggest-rate\"\n}).as(\"sortingApplied\");\ncy.get(\".logo\").should(\"contain\", \"MIXdrinks\");\ncy.contains(\".sorting__list\", 'Найкраща оцінка').click();\ncy.contains(\".sorting__list\", 'Найкраща оцінка').click();\ncy.wait(\"@sortingApplied\").its('response.body').then(body => {\n  const cocktails = body.cocktails;\n  cy.get('.cocktails-body__list .list__item').each(item => {\n    const itemText = item.text().trim();\n    expect(itemText).to.contain(cocktails[item.index()].name);\n  });\n});",
              "err": {},
              "uuid": "ffd3ebaf-450b-4a13-8560-89601a5cc067",
              "parentUUID": "60927323-8386-4f37-ba0b-331b606d7f71",
              "isHook": false,
              "skipped": false
            },
            {
              "title": "items should be filteres after applying a filter",
              "fullTitle": "Home screen tests items should be filteres after applying a filter",
              "timedOut": null,
              "duration": 1725,
              "state": "passed",
              "speed": "fast",
              "pass": true,
              "fail": false,
              "pending": false,
              "context": null,
              "code": "cy.intercept({\n  method: \"GET\",\n  url: \"/v2/search/cocktails?page=0&alcohol-volume=1\"\n}).as(\"sortingApplied\");\nlet firstItemName;\ncy.get(\".list\").find(\".cart__name\").first().invoke('text').then(itemTitle => {\n  firstItemName = itemTitle;\n});\ncy.get('[title=\"слабоалкогольні\"]').find('.filter-list-item__checkbox').click();\ncy.get('[class=\"filters-tag-cloud-list-item__link nuxt-link-active\"]').should('exist');\ncy.get('[title=\"слабоалкогольні\"]').find('.filter-list-item__checkbox').click();\ncy.wait(\"@sortingApplied\").its('response.body').then(body => {\n  const cocktails = body.cocktails;\n  cy.get('.cocktails-body__list .list__item').each(item => {\n    const itemText = item.text().trim();\n    expect(itemText).to.contain(cocktails[item.index()].name);\n  });\n  cy.get(\".list\").find(\".cart__name\").first().should('not.contain', firstItemName);\n});",
              "err": {},
              "uuid": "0f790e0e-928e-405d-a433-96a833fc3e93",
              "parentUUID": "60927323-8386-4f37-ba0b-331b606d7f71",
              "isHook": false,
              "skipped": false
            }
          ],
          "suites": [],
          "passes": [
            "efb7d324-2346-4a6c-a065-1b500e127c33",
            "ffd3ebaf-450b-4a13-8560-89601a5cc067",
            "0f790e0e-928e-405d-a433-96a833fc3e93"
          ],
          "failures": [],
          "pending": [],
          "skipped": [],
          "duration": 4586,
          "root": false,
          "rootEmpty": false,
          "_timeout": 2000
        }
      ],
      "passes": [],
      "failures": [],
      "pending": [],
      "skipped": [],
      "duration": 0,
      "root": true,
      "rootEmpty": true,
      "_timeout": 2000
    },
    {
      "uuid": "ade53d44-6d6e-44aa-b802-79e061ada3ed",
      "title": "",
      "fullFile": "cypress/e2e/tests/cocktail.cy.js",
      "file": "cypress/e2e/tests/cocktail.cy.js",
      "beforeHooks": [],
      "afterHooks": [],
      "tests": [],
      "suites": [
        {
          "uuid": "bb2aebf5-69c6-47fc-870f-327042542ce3",
          "title": "A cocktail's screen tests",
          "fullFile": "",
          "file": "",
          "beforeHooks": [],
          "afterHooks": [],
          "tests": [
            {
              "title": "Check the required elements are shown on the page",
              "fullTitle": "A cocktail's screen tests Check the required elements are shown on the page",
              "timedOut": null,
              "duration": 3764,
              "state": "passed",
              "speed": "fast",
              "pass": true,
              "fail": false,
              "pending": false,
              "context": null,
              "code": "cy.intercept({\n  method: \"GET\",\n  url: \"/v2/cocktails/full*\"\n}).as(\"cocktail\");\ncy.get(\".cocktails-body__list\").find(\".list__item\").eq(0).click();\ncy.wait('@cocktail').then(cocktail => {\n  const details = cocktail.response.body;\n  const receipt = details.receipt;\n  const goods = details.goods;\n  const tools = details.tools;\n  cy.get('.cocktail-header-title').should('contain', details.name);\n  cy.get('h1').should('contain', details.name);\n  cy.get('.cocktail-body-recipe-list .cocktail-body-recipe-list-item').each(listItem => {\n    const itemText = listItem.text();\n    expect(itemText).to.equal(receipt[listItem.index()]);\n  });\n  cy.get('.cocktail-body__goods .сomponents-list-item').each(listItem => {\n    const itemText = listItem.text();\n    expect(itemText).contains(goods[listItem.index()].name);\n  });\n  cy.get('.cocktail-body__tools .сomponents-list-item').each(listItem => {\n    const itemText = listItem.text();\n    expect(itemText).contains(tools[listItem.index()].name);\n  });\n});",
              "err": {},
              "uuid": "c91024a1-0821-4b1f-99b1-fbd2433ae2c2",
              "parentUUID": "bb2aebf5-69c6-47fc-870f-327042542ce3",
              "isHook": false,
              "skipped": false
            }
          ],
          "suites": [],
          "passes": [
            "c91024a1-0821-4b1f-99b1-fbd2433ae2c2"
          ],
          "failures": [],
          "pending": [],
          "skipped": [],
          "duration": 3764,
          "root": false,
          "rootEmpty": false,
          "_timeout": 2000
        }
      ],
      "passes": [],
      "failures": [],
      "pending": [],
      "skipped": [],
      "duration": 0,
      "root": true,
      "rootEmpty": true,
      "_timeout": 2000
    }
  ],
  "meta": {
    "mocha": {
      "version": "7.0.1"
    },
    "mochawesome": {
      "options": {
        "quiet": false,
        "reportFilename": "mochawesome",
        "saveHtml": false,
        "saveJson": true,
        "consoleReporter": "spec",
        "useInlineDiffs": false,
        "code": true
      },
      "version": "7.1.3"
    },
    "marge": {
      "options": {
        "id": "default",
        "reportDir": "cypress/results/mochawesome",
        "overwrite": false,
        "html": false,
        "json": true
      },
      "version": "6.2.0"
    }
  }
}