{
  "stats": {
    "suites": 5,
    "tests": 7,
    "passes": 7,
    "pending": 0,
    "failures": 0,
    "testsRegistered": 7,
    "passPercent": 100,
    "pendingPercent": 0,
    "other": 0,
    "hasOther": false,
    "skipped": 0,
    "hasSkipped": false,
    "start": "2023-06-16T10:34:06.311Z",
    "end": "2023-06-16T10:34:21.232Z",
    "duration": 14921
  },
  "results": [
    {
      "uuid": "0b856694-2e9c-4329-9e99-5e444fbb0871",
      "title": "",
      "fullFile": "cypress/tests/home-mobile.cy.js",
      "file": "cypress/tests/home-mobile.cy.js",
      "beforeHooks": [],
      "afterHooks": [],
      "tests": [],
      "suites": [
        {
          "uuid": "4cc38ea2-89ff-493c-a44a-53e205dfef51",
          "title": "Home screen elements on the different screen resolutions",
          "fullFile": "",
          "file": "",
          "beforeHooks": [],
          "afterHooks": [],
          "tests": [],
          "suites": [
            {
              "uuid": "83168c18-c036-4085-b18e-db624881a2e3",
              "title": "for iphone-6 screen size",
              "fullFile": "",
              "file": "",
              "beforeHooks": [],
              "afterHooks": [],
              "tests": [
                {
                  "title": "can view the cocktails list and open the detailed cocktail screen",
                  "fullTitle": "Home screen elements on the different screen resolutions for iphone-6 screen size can view the cocktails list and open the detailed cocktail screen",
                  "timedOut": null,
                  "duration": 1689,
                  "state": "passed",
                  "speed": "fast",
                  "pass": true,
                  "fail": false,
                  "pending": false,
                  "context": null,
                  "code": "cy.intercept({\n  method: \"GET\",\n  url: \"/v2/cocktails/full*\"\n}).as(\"cocktail\");\ncy.request({\n  method: 'GET',\n  url: 'https://whale-app-iz3av.ondigitalocean.app/v2/filter?page=0',\n  headers: {\n    'Content-Type': 'application/json'\n  }\n}).then(cocktailsList => {\n  const cocktails = cocktailsList.body.cocktails;\n  cy.get(_homePage.default.vertical.selector.sorting.byRate).should(\"be.visible\");\n  cy.get(_homePage.default.vertical.selector.search).should(\"be.visible\");\n  cy.get(_homePage.default.vertical.selector.cocktailCard).each(item => {\n    const itemText = item.text().trim();\n    expect(itemText).to.contain(cocktails[item.index()].name);\n  });\n  cy.get(_homePage.default.vertical.selector.cocktailCard).eq(5).click();\n  cy.wait('@cocktail').then(cocktail => {\n    const details = cocktail.response.body;\n    const receipt = details.receipt;\n    const goods = details.goods;\n    const tools = details.tools;\n    cy.get(_cocktailPage.default.vertical.selector.title).should('contain', details.name);\n    cy.get(_cocktailPage.default.vertical.selector.recipeItem).each(listItem => {\n      const itemText = listItem.text();\n      expect(itemText).to.equal(receipt[listItem.index()]);\n    });\n    cy.get(_cocktailPage.default.vertical.selector.component).find('[data-cy=\"ingredient\"]').each(listItem => {\n      const itemText = listItem.text();\n      expect(itemText).contains(goods[listItem.index()].name);\n    });\n    cy.get(_cocktailPage.default.vertical.selector.tools).find('[data-cy=\"ingredient\"]').each(listItem => {\n      const itemText = listItem.text();\n      expect(itemText).contains(tools[listItem.index()].name);\n    });\n  });\n});",
                  "err": {},
                  "uuid": "18e67c5c-eafc-40cb-8427-03c164a10737",
                  "parentUUID": "83168c18-c036-4085-b18e-db624881a2e3",
                  "isHook": false,
                  "skipped": false
                }
              ],
              "suites": [],
              "passes": [
                "18e67c5c-eafc-40cb-8427-03c164a10737"
              ],
              "failures": [],
              "pending": [],
              "skipped": [],
              "duration": 1689,
              "root": false,
              "rootEmpty": false,
              "_timeout": 2000
            },
            {
              "uuid": "8ef7b2ae-211b-42a3-967d-50fc73ec9ee5",
              "title": "for ipad-2 screen size",
              "fullFile": "",
              "file": "",
              "beforeHooks": [],
              "afterHooks": [],
              "tests": [
                {
                  "title": "can view the cocktails list and open the detailed cocktail screen",
                  "fullTitle": "Home screen elements on the different screen resolutions for ipad-2 screen size can view the cocktails list and open the detailed cocktail screen",
                  "timedOut": null,
                  "duration": 1375,
                  "state": "passed",
                  "speed": "fast",
                  "pass": true,
                  "fail": false,
                  "pending": false,
                  "context": null,
                  "code": "cy.intercept({\n  method: \"GET\",\n  url: \"/v2/cocktails/full*\"\n}).as(\"cocktail\");\ncy.request({\n  method: 'GET',\n  url: 'https://whale-app-iz3av.ondigitalocean.app/v2/filter?page=0',\n  headers: {\n    'Content-Type': 'application/json'\n  }\n}).then(cocktailsList => {\n  const cocktails = cocktailsList.body.cocktails;\n  cy.get(_homePage.default.vertical.selector.sorting.byRate).should(\"be.visible\");\n  cy.get(_homePage.default.vertical.selector.search).should(\"be.visible\");\n  cy.get(_homePage.default.vertical.selector.cocktailCard).each(item => {\n    const itemText = item.text().trim();\n    expect(itemText).to.contain(cocktails[item.index()].name);\n  });\n  cy.get(_homePage.default.vertical.selector.cocktailCard).eq(5).click();\n  cy.wait('@cocktail').then(cocktail => {\n    const details = cocktail.response.body;\n    const receipt = details.receipt;\n    const goods = details.goods;\n    const tools = details.tools;\n    cy.get(_cocktailPage.default.vertical.selector.title).should('contain', details.name);\n    cy.get(_cocktailPage.default.vertical.selector.recipeItem).each(listItem => {\n      const itemText = listItem.text();\n      expect(itemText).to.equal(receipt[listItem.index()]);\n    });\n    cy.get(_cocktailPage.default.vertical.selector.component).find('[data-cy=\"ingredient\"]').each(listItem => {\n      const itemText = listItem.text();\n      expect(itemText).contains(goods[listItem.index()].name);\n    });\n    cy.get(_cocktailPage.default.vertical.selector.tools).find('[data-cy=\"ingredient\"]').each(listItem => {\n      const itemText = listItem.text();\n      expect(itemText).contains(tools[listItem.index()].name);\n    });\n  });\n});",
                  "err": {},
                  "uuid": "73a68968-35b0-4ffa-b9a1-d7292218ec01",
                  "parentUUID": "8ef7b2ae-211b-42a3-967d-50fc73ec9ee5",
                  "isHook": false,
                  "skipped": false
                }
              ],
              "suites": [],
              "passes": [
                "73a68968-35b0-4ffa-b9a1-d7292218ec01"
              ],
              "failures": [],
              "pending": [],
              "skipped": [],
              "duration": 1375,
              "root": false,
              "rootEmpty": false,
              "_timeout": 2000
            },
            {
              "uuid": "059310aa-56dc-4e2e-9fa7-9460e11d105b",
              "title": "for macbook-13 screen size",
              "fullFile": "",
              "file": "",
              "beforeHooks": [],
              "afterHooks": [],
              "tests": [
                {
                  "title": "can view the cocktails list and open the detailed cocktail screen",
                  "fullTitle": "Home screen elements on the different screen resolutions for macbook-13 screen size can view the cocktails list and open the detailed cocktail screen",
                  "timedOut": null,
                  "duration": 1352,
                  "state": "passed",
                  "speed": "fast",
                  "pass": true,
                  "fail": false,
                  "pending": false,
                  "context": null,
                  "code": "cy.intercept({\n  method: \"GET\",\n  url: \"/v2/cocktails/full*\"\n}).as(\"cocktail\");\ncy.request({\n  method: 'GET',\n  url: 'https://whale-app-iz3av.ondigitalocean.app/v2/filter?page=0',\n  headers: {\n    'Content-Type': 'application/json'\n  }\n}).then(cocktailsList => {\n  const cocktails = cocktailsList.body.cocktails;\n  cy.get(_homePage.default.vertical.selector.sorting.byRate).should(\"be.visible\");\n  cy.get(_homePage.default.vertical.selector.search).should(\"be.visible\");\n  cy.get(_homePage.default.vertical.selector.cocktailCard).each(item => {\n    const itemText = item.text().trim();\n    expect(itemText).to.contain(cocktails[item.index()].name);\n  });\n  cy.get(_homePage.default.vertical.selector.cocktailCard).eq(5).click();\n  cy.wait('@cocktail').then(cocktail => {\n    const details = cocktail.response.body;\n    const receipt = details.receipt;\n    const goods = details.goods;\n    const tools = details.tools;\n    cy.get(_cocktailPage.default.vertical.selector.title).should('contain', details.name);\n    cy.get(_cocktailPage.default.vertical.selector.recipeItem).each(listItem => {\n      const itemText = listItem.text();\n      expect(itemText).to.equal(receipt[listItem.index()]);\n    });\n    cy.get(_cocktailPage.default.vertical.selector.component).find('[data-cy=\"ingredient\"]').each(listItem => {\n      const itemText = listItem.text();\n      expect(itemText).contains(goods[listItem.index()].name);\n    });\n    cy.get(_cocktailPage.default.vertical.selector.tools).find('[data-cy=\"ingredient\"]').each(listItem => {\n      const itemText = listItem.text();\n      expect(itemText).contains(tools[listItem.index()].name);\n    });\n  });\n});",
                  "err": {},
                  "uuid": "d3994c6d-8dfe-4887-bac2-abab92fa956e",
                  "parentUUID": "059310aa-56dc-4e2e-9fa7-9460e11d105b",
                  "isHook": false,
                  "skipped": false
                }
              ],
              "suites": [],
              "passes": [
                "d3994c6d-8dfe-4887-bac2-abab92fa956e"
              ],
              "failures": [],
              "pending": [],
              "skipped": [],
              "duration": 1352,
              "root": false,
              "rootEmpty": false,
              "_timeout": 2000
            }
          ],
          "passes": [],
          "failures": [],
          "pending": [],
          "skipped": [],
          "duration": 0,
          "root": false,
          "rootEmpty": false,
          "_timeout": 2000
        }
      ],
      "passes": [],
      "failures": [],
      "pending": [],
      "skipped": [],
      "duration": 0,
      "root": true,
      "rootEmpty": true,
      "_timeout": 2000
    },
    {
      "uuid": "a4fe11e9-29ae-4691-8641-52aba642e0f7",
      "title": "",
      "fullFile": "cypress/tests/home-screen-filtering.cy.js",
      "file": "cypress/tests/home-screen-filtering.cy.js",
      "beforeHooks": [],
      "afterHooks": [],
      "tests": [],
      "suites": [
        {
          "uuid": "118ac344-5564-42ad-a4b6-1dd2751990d8",
          "title": "Home screen tests",
          "fullFile": "",
          "file": "",
          "beforeHooks": [],
          "afterHooks": [],
          "tests": [
            {
              "title": "items should be filtered after applying a low alcohol filter",
              "fullTitle": "Home screen tests items should be filtered after applying a low alcohol filter",
              "timedOut": null,
              "duration": 1875,
              "state": "passed",
              "speed": "fast",
              "pass": true,
              "fail": false,
              "pending": false,
              "context": null,
              "code": "interceptFiltering(\"alcohol-volume=slaboalkoholni\");\nlet firstItemName;\ncy.get(_homePage.default.vertical.selector.cocktailCard).find(\".cart__name\").first().invoke('text').then(itemTitle => {\n  firstItemName = itemTitle;\n});\n// applying the low alcohol filter\ncy.get(_homePage.default.vertical.selector.filters.lowalcohol).click();\n// checking that proper tag is shown\ncy.get(_homePage.default.vertical.selector.filters.lowalcoholTag).should('be.visible');\n// applying the low alcohol filter again because when it clicked programatically the request is not sent\ncy.get(_homePage.default.vertical.selector.filters.lowalcohol).click();\ncy.wait(\"@sortingApplied\").its('response.body').then(body => {\n  const cocktails = body.cocktails;\n  cy.get(_homePage.default.vertical.selector.cocktailCard).each(item => {\n    const itemText = item.text().trim();\n    expect(itemText).to.contain(cocktails[item.index()].name);\n  });\n  // checking that the first element name is changed after applying filters\n  cy.get(_homePage.default.vertical.selector.cocktailCard).find(\".cart__name\").first().should('not.contain', firstItemName);\n});",
              "err": {},
              "uuid": "bc65ea52-e745-4701-ba4d-a2d665d134c2",
              "parentUUID": "118ac344-5564-42ad-a4b6-1dd2751990d8",
              "isHook": false,
              "skipped": false
            }
          ],
          "suites": [],
          "passes": [
            "bc65ea52-e745-4701-ba4d-a2d665d134c2"
          ],
          "failures": [],
          "pending": [],
          "skipped": [],
          "duration": 1875,
          "root": false,
          "rootEmpty": false,
          "_timeout": 2000
        }
      ],
      "passes": [],
      "failures": [],
      "pending": [],
      "skipped": [],
      "duration": 0,
      "root": true,
      "rootEmpty": true,
      "_timeout": 2000
    },
    {
      "uuid": "92f960d9-e7ff-48f3-ab8d-699b864f8907",
      "title": "",
      "fullFile": "cypress/tests/home-screen-sorting.cy.js",
      "file": "cypress/tests/home-screen-sorting.cy.js",
      "beforeHooks": [],
      "afterHooks": [],
      "tests": [],
      "suites": [
        {
          "uuid": "e4a27fec-b899-41c2-88b8-ce218709b92b",
          "title": "Home screen tests",
          "fullFile": "",
          "file": "",
          "beforeHooks": [],
          "afterHooks": [],
          "tests": [
            {
              "title": "items should be reordered after sorting applying",
              "fullTitle": "Home screen tests items should be reordered after sorting applying",
              "timedOut": null,
              "duration": 1677,
              "state": "passed",
              "speed": "fast",
              "pass": true,
              "fail": false,
              "pending": false,
              "context": null,
              "code": "interceptSorting(\"sort=biggest-rate\");\ncy.get(_homePage.default.vertical.selector.sorting.byRate).click();\ncy.get(_homePage.default.vertical.selector.sorting.byRate).click();\ncy.get(_homePage.default.vertical.selector.sorting.byRate).click();\ncy.wait(\"@sortingApplied\").its(\"response.body\").then(body => {\n  const cocktails = body.cocktails;\n  cy.get(_homePage.default.vertical.selector.cocktailCard).each(item => {\n    const itemText = item.text().trim();\n    expect(itemText).to.contain(cocktails[item.index()].name);\n  });\n});",
              "err": {},
              "uuid": "423dd720-270d-4fd3-b89d-89706e786de5",
              "parentUUID": "e4a27fec-b899-41c2-88b8-ce218709b92b",
              "isHook": false,
              "skipped": false
            }
          ],
          "suites": [],
          "passes": [
            "423dd720-270d-4fd3-b89d-89706e786de5"
          ],
          "failures": [],
          "pending": [],
          "skipped": [],
          "duration": 1677,
          "root": false,
          "rootEmpty": false,
          "_timeout": 2000
        }
      ],
      "passes": [],
      "failures": [],
      "pending": [],
      "skipped": [],
      "duration": 0,
      "root": true,
      "rootEmpty": true,
      "_timeout": 2000
    },
    {
      "uuid": "974781a7-7425-4710-9c76-e29971c42d76",
      "title": "",
      "fullFile": "cypress/tests/search.cy.js",
      "file": "cypress/tests/search.cy.js",
      "beforeHooks": [],
      "afterHooks": [],
      "tests": [],
      "suites": [
        {
          "uuid": "b13f60d5-4983-4b88-bb4b-1bc52129ffa8",
          "title": "search cocktail tests",
          "fullFile": "",
          "file": "",
          "beforeHooks": [],
          "afterHooks": [],
          "tests": [
            {
              "title": "search from home screen",
              "fullTitle": "search cocktail tests search from home screen",
              "timedOut": null,
              "duration": 1674,
              "state": "passed",
              "speed": "fast",
              "pass": true,
              "fail": false,
              "pending": false,
              "context": null,
              "code": "let searchSuggestion;\ncy.get(_homePage.default.vertical.selector.search).type('м');\ncy.get(_homePage.default.vertical.selector.searchSuggestions).first().then(searchSug => {\n  searchSuggestion = searchSug.text().trim();\n  console.log(searchSuggestion);\n  cy.wrap(searchSug).click();\n  cy.get('h1').should('contain', searchSuggestion);\n});",
              "err": {},
              "uuid": "3045cdbd-18fb-4318-a6ed-896a8dd4cd76",
              "parentUUID": "b13f60d5-4983-4b88-bb4b-1bc52129ffa8",
              "isHook": false,
              "skipped": false
            }
          ],
          "suites": [],
          "passes": [
            "3045cdbd-18fb-4318-a6ed-896a8dd4cd76"
          ],
          "failures": [],
          "pending": [],
          "skipped": [],
          "duration": 1674,
          "root": false,
          "rootEmpty": false,
          "_timeout": 2000
        }
      ],
      "passes": [],
      "failures": [],
      "pending": [],
      "skipped": [],
      "duration": 0,
      "root": true,
      "rootEmpty": true,
      "_timeout": 2000
    },
    {
      "uuid": "870d0e60-d0ee-4327-86ed-ce8dc330f09f",
      "title": "",
      "fullFile": "cypress/tests/cocktail.cy.js",
      "file": "cypress/tests/cocktail.cy.js",
      "beforeHooks": [],
      "afterHooks": [],
      "tests": [],
      "suites": [
        {
          "uuid": "eacafde8-e799-4c12-adda-f634a87871e0",
          "title": "A cocktail's screen tests",
          "fullFile": "",
          "file": "",
          "beforeHooks": [],
          "afterHooks": [],
          "tests": [
            {
              "title": "Check the required elements are shown on the page",
              "fullTitle": "A cocktail's screen tests Check the required elements are shown on the page",
              "timedOut": null,
              "duration": 1642,
              "state": "passed",
              "speed": "fast",
              "pass": true,
              "fail": false,
              "pending": false,
              "context": null,
              "code": "cy.intercept({\n  method: \"GET\",\n  url: \"/v2/cocktails/full*\"\n}).as(\"cocktail\");\ncy.get(\".cocktails-body__list\").find(\".list__item\").eq(0).click();\ncy.wait('@cocktail').then(cocktail => {\n  const details = cocktail.response.body;\n  const receipt = details.receipt;\n  const goods = details.goods;\n  const tools = details.tools;\n  cy.get(_cocktailPage.default.vertical.selector.title).should('contain', details.name);\n  cy.get(_cocktailPage.default.vertical.selector.recipeItem).each(listItem => {\n    const itemText = listItem.text();\n    expect(itemText).to.equal(receipt[listItem.index()]);\n  });\n  cy.get(_cocktailPage.default.vertical.selector.component).find('[data-cy=\"ingredient\"]').each(listItem => {\n    const itemText = listItem.text();\n    expect(itemText).contains(goods[listItem.index()].name);\n  });\n  cy.get(_cocktailPage.default.vertical.selector.tools).find('[data-cy=\"ingredient\"]').each(listItem => {\n    const itemText = listItem.text();\n    expect(itemText).contains(tools[listItem.index()].name);\n  });\n});",
              "err": {},
              "uuid": "17e52828-1d78-4caf-95cd-ac63b1cc5357",
              "parentUUID": "eacafde8-e799-4c12-adda-f634a87871e0",
              "isHook": false,
              "skipped": false
            }
          ],
          "suites": [],
          "passes": [
            "17e52828-1d78-4caf-95cd-ac63b1cc5357"
          ],
          "failures": [],
          "pending": [],
          "skipped": [],
          "duration": 1642,
          "root": false,
          "rootEmpty": false,
          "_timeout": 2000
        }
      ],
      "passes": [],
      "failures": [],
      "pending": [],
      "skipped": [],
      "duration": 0,
      "root": true,
      "rootEmpty": true,
      "_timeout": 2000
    }
  ],
  "meta": {
    "mocha": {
      "version": "7.0.1"
    },
    "mochawesome": {
      "options": {
        "quiet": false,
        "reportFilename": "mochawesome",
        "saveHtml": false,
        "saveJson": true,
        "consoleReporter": "spec",
        "useInlineDiffs": false,
        "code": true
      },
      "version": "7.1.3"
    },
    "marge": {
      "options": {
        "id": "default",
        "reportDir": "cypress/results/mochawesome",
        "overwrite": false,
        "html": false,
        "json": true
      },
      "version": "6.2.0"
    }
  }
}