{
  "stats": {
    "suites": 5,
    "tests": 7,
    "passes": 7,
    "pending": 0,
    "failures": 0,
    "testsRegistered": 7,
    "passPercent": 100,
    "pendingPercent": 0,
    "other": 0,
    "hasOther": false,
    "skipped": 0,
    "hasSkipped": false,
    "start": "2023-06-30T10:55:44.335Z",
    "end": "2023-06-30T10:55:59.229Z",
    "duration": 14894
  },
  "results": [
    {
      "uuid": "497bacff-c3cf-49db-9a63-ecccc2f88818",
      "title": "",
      "fullFile": "cypress/tests/home-mobile.cy.js",
      "file": "cypress/tests/home-mobile.cy.js",
      "beforeHooks": [],
      "afterHooks": [],
      "tests": [],
      "suites": [
        {
          "uuid": "28d4211f-4e6e-4255-823c-0523ce253321",
          "title": "Home screen elements on the different screen resolutions",
          "fullFile": "",
          "file": "",
          "beforeHooks": [],
          "afterHooks": [],
          "tests": [],
          "suites": [
            {
              "uuid": "cd59da06-55aa-47b5-85e2-e24e31588176",
              "title": "for iphone-6 screen size",
              "fullFile": "",
              "file": "",
              "beforeHooks": [],
              "afterHooks": [],
              "tests": [
                {
                  "title": "can view the cocktails list and open the detailed cocktail screen",
                  "fullTitle": "Home screen elements on the different screen resolutions for iphone-6 screen size can view the cocktails list and open the detailed cocktail screen",
                  "timedOut": null,
                  "duration": 1632,
                  "state": "passed",
                  "speed": "fast",
                  "pass": true,
                  "fail": false,
                  "pending": false,
                  "context": null,
                  "code": "cy.intercept({\n  method: \"GET\",\n  url: \"/v2/cocktail/*\"\n}).as(\"cocktail\");\ncy.request({\n  method: 'GET',\n  url: 'https://whale-app-iz3av.ondigitalocean.app/v2/filter?page=0',\n  headers: {\n    'Content-Type': 'application/json'\n  }\n}).then(cocktailsList => {\n  const cocktails = cocktailsList.body.cocktails;\n  cy.get(_homePage.default.sorting.byRate).should(\"be.visible\");\n  cy.get(_homePage.default.search).should(\"be.visible\");\n  cy.get(_homePage.default.cocktailCard).each(item => {\n    const itemText = item.text().trim();\n    expect(itemText).to.contain(cocktails[item.index()].name);\n  });\n  cy.get(_homePage.default.cocktailCard).eq(5).click();\n  cy.wait('@cocktail').then(({\n    response: {\n      body: cocktail\n    }\n  }) => {\n    cy.get(_cocktailPage.default.title).should('contain', cocktail.name);\n    cy.get(_cocktailPage.default.recipeItem).each(listItem => {\n      const itemText = listItem.text();\n      expect(itemText).to.equal(cocktail.receipt[listItem.index()]);\n    });\n    cy.get(_cocktailPage.default.component).each(listItem => {\n      const itemText = listItem.text();\n      expect(itemText).contains(cocktail.goods[listItem.index()].name);\n    });\n    cy.get(_cocktailPage.default.tools).each(listItem => {\n      const itemText = listItem.text();\n      expect(itemText).contains(cocktail.tools[listItem.index()].name);\n    });\n  });\n});",
                  "err": {},
                  "uuid": "fa676d38-a01a-408d-9829-4d917278a846",
                  "parentUUID": "cd59da06-55aa-47b5-85e2-e24e31588176",
                  "isHook": false,
                  "skipped": false
                }
              ],
              "suites": [],
              "passes": [
                "fa676d38-a01a-408d-9829-4d917278a846"
              ],
              "failures": [],
              "pending": [],
              "skipped": [],
              "duration": 1632,
              "root": false,
              "rootEmpty": false,
              "_timeout": 2000
            },
            {
              "uuid": "be6c2f01-7780-46c9-abf1-81d7f63085b2",
              "title": "for ipad-2 screen size",
              "fullFile": "",
              "file": "",
              "beforeHooks": [],
              "afterHooks": [],
              "tests": [
                {
                  "title": "can view the cocktails list and open the detailed cocktail screen",
                  "fullTitle": "Home screen elements on the different screen resolutions for ipad-2 screen size can view the cocktails list and open the detailed cocktail screen",
                  "timedOut": null,
                  "duration": 1545,
                  "state": "passed",
                  "speed": "fast",
                  "pass": true,
                  "fail": false,
                  "pending": false,
                  "context": null,
                  "code": "cy.intercept({\n  method: \"GET\",\n  url: \"/v2/cocktail/*\"\n}).as(\"cocktail\");\ncy.request({\n  method: 'GET',\n  url: 'https://whale-app-iz3av.ondigitalocean.app/v2/filter?page=0',\n  headers: {\n    'Content-Type': 'application/json'\n  }\n}).then(cocktailsList => {\n  const cocktails = cocktailsList.body.cocktails;\n  cy.get(_homePage.default.sorting.byRate).should(\"be.visible\");\n  cy.get(_homePage.default.search).should(\"be.visible\");\n  cy.get(_homePage.default.cocktailCard).each(item => {\n    const itemText = item.text().trim();\n    expect(itemText).to.contain(cocktails[item.index()].name);\n  });\n  cy.get(_homePage.default.cocktailCard).eq(5).click();\n  cy.wait('@cocktail').then(({\n    response: {\n      body: cocktail\n    }\n  }) => {\n    cy.get(_cocktailPage.default.title).should('contain', cocktail.name);\n    cy.get(_cocktailPage.default.recipeItem).each(listItem => {\n      const itemText = listItem.text();\n      expect(itemText).to.equal(cocktail.receipt[listItem.index()]);\n    });\n    cy.get(_cocktailPage.default.component).each(listItem => {\n      const itemText = listItem.text();\n      expect(itemText).contains(cocktail.goods[listItem.index()].name);\n    });\n    cy.get(_cocktailPage.default.tools).each(listItem => {\n      const itemText = listItem.text();\n      expect(itemText).contains(cocktail.tools[listItem.index()].name);\n    });\n  });\n});",
                  "err": {},
                  "uuid": "6daaef1d-ef5a-4aff-a459-a98d64aee9d4",
                  "parentUUID": "be6c2f01-7780-46c9-abf1-81d7f63085b2",
                  "isHook": false,
                  "skipped": false
                }
              ],
              "suites": [],
              "passes": [
                "6daaef1d-ef5a-4aff-a459-a98d64aee9d4"
              ],
              "failures": [],
              "pending": [],
              "skipped": [],
              "duration": 1545,
              "root": false,
              "rootEmpty": false,
              "_timeout": 2000
            },
            {
              "uuid": "1531711b-9826-4b4e-9486-ffa4a541ee85",
              "title": "for macbook-13 screen size",
              "fullFile": "",
              "file": "",
              "beforeHooks": [],
              "afterHooks": [],
              "tests": [
                {
                  "title": "can view the cocktails list and open the detailed cocktail screen",
                  "fullTitle": "Home screen elements on the different screen resolutions for macbook-13 screen size can view the cocktails list and open the detailed cocktail screen",
                  "timedOut": null,
                  "duration": 1378,
                  "state": "passed",
                  "speed": "fast",
                  "pass": true,
                  "fail": false,
                  "pending": false,
                  "context": null,
                  "code": "cy.intercept({\n  method: \"GET\",\n  url: \"/v2/cocktail/*\"\n}).as(\"cocktail\");\ncy.request({\n  method: 'GET',\n  url: 'https://whale-app-iz3av.ondigitalocean.app/v2/filter?page=0',\n  headers: {\n    'Content-Type': 'application/json'\n  }\n}).then(cocktailsList => {\n  const cocktails = cocktailsList.body.cocktails;\n  cy.get(_homePage.default.sorting.byRate).should(\"be.visible\");\n  cy.get(_homePage.default.search).should(\"be.visible\");\n  cy.get(_homePage.default.cocktailCard).each(item => {\n    const itemText = item.text().trim();\n    expect(itemText).to.contain(cocktails[item.index()].name);\n  });\n  cy.get(_homePage.default.cocktailCard).eq(5).click();\n  cy.wait('@cocktail').then(({\n    response: {\n      body: cocktail\n    }\n  }) => {\n    cy.get(_cocktailPage.default.title).should('contain', cocktail.name);\n    cy.get(_cocktailPage.default.recipeItem).each(listItem => {\n      const itemText = listItem.text();\n      expect(itemText).to.equal(cocktail.receipt[listItem.index()]);\n    });\n    cy.get(_cocktailPage.default.component).each(listItem => {\n      const itemText = listItem.text();\n      expect(itemText).contains(cocktail.goods[listItem.index()].name);\n    });\n    cy.get(_cocktailPage.default.tools).each(listItem => {\n      const itemText = listItem.text();\n      expect(itemText).contains(cocktail.tools[listItem.index()].name);\n    });\n  });\n});",
                  "err": {},
                  "uuid": "de99aee6-75cd-445c-8aaa-1813ea3f7335",
                  "parentUUID": "1531711b-9826-4b4e-9486-ffa4a541ee85",
                  "isHook": false,
                  "skipped": false
                }
              ],
              "suites": [],
              "passes": [
                "de99aee6-75cd-445c-8aaa-1813ea3f7335"
              ],
              "failures": [],
              "pending": [],
              "skipped": [],
              "duration": 1378,
              "root": false,
              "rootEmpty": false,
              "_timeout": 2000
            }
          ],
          "passes": [],
          "failures": [],
          "pending": [],
          "skipped": [],
          "duration": 0,
          "root": false,
          "rootEmpty": false,
          "_timeout": 2000
        }
      ],
      "passes": [],
      "failures": [],
      "pending": [],
      "skipped": [],
      "duration": 0,
      "root": true,
      "rootEmpty": true,
      "_timeout": 2000
    },
    {
      "uuid": "46c6d670-a615-4024-8af6-4b270a30724c",
      "title": "",
      "fullFile": "cypress/tests/home-screen-filtering.cy.js",
      "file": "cypress/tests/home-screen-filtering.cy.js",
      "beforeHooks": [],
      "afterHooks": [],
      "tests": [],
      "suites": [
        {
          "uuid": "cb4b41e5-9adf-429b-8d0f-e40d40063124",
          "title": "Home screen tests",
          "fullFile": "",
          "file": "",
          "beforeHooks": [],
          "afterHooks": [],
          "tests": [
            {
              "title": "items should be filtered after applying a low alcohol filter",
              "fullTitle": "Home screen tests items should be filtered after applying a low alcohol filter",
              "timedOut": null,
              "duration": 1692,
              "state": "passed",
              "speed": "fast",
              "pass": true,
              "fail": false,
              "pending": false,
              "context": null,
              "code": "interceptFiltering(\"alcohol-volume=slaboalkoholni\");\nlet firstItemName;\ncy.get(_homePage.default.cocktailCard).find(\".cart__name\").first().invoke('text').then(itemTitle => {\n  firstItemName = itemTitle;\n});\n// applying the low alcohol filter\ncy.get(_homePage.default.filters.lowalcohol).click();\n// checking that proper tag is shown\ncy.get(_homePage.default.filters.lowalcoholTag).should('be.visible');\ncy.wait(\"@sortingApplied\").then(({\n  response: {\n    body: {\n      cocktails: cocktails\n    }\n  }\n}) => {\n  cy.get(_homePage.default.cocktailCard).each(item => {\n    const itemText = item.text().trim();\n    expect(itemText).to.contain(cocktails[item.index()].name);\n  });\n  // checking that the first element name is changed after applying filters\n  cy.get(_homePage.default.cocktailCard).find(\".cart__name\").first().should('not.contain', firstItemName);\n});",
              "err": {},
              "uuid": "0326d54b-4a51-4b5b-954e-c1497d93e9c4",
              "parentUUID": "cb4b41e5-9adf-429b-8d0f-e40d40063124",
              "isHook": false,
              "skipped": false
            }
          ],
          "suites": [],
          "passes": [
            "0326d54b-4a51-4b5b-954e-c1497d93e9c4"
          ],
          "failures": [],
          "pending": [],
          "skipped": [],
          "duration": 1692,
          "root": false,
          "rootEmpty": false,
          "_timeout": 2000
        }
      ],
      "passes": [],
      "failures": [],
      "pending": [],
      "skipped": [],
      "duration": 0,
      "root": true,
      "rootEmpty": true,
      "_timeout": 2000
    },
    {
      "uuid": "ef3aee70-2736-4327-876e-8d6fbdba1299",
      "title": "",
      "fullFile": "cypress/tests/home-screen-sorting.cy.js",
      "file": "cypress/tests/home-screen-sorting.cy.js",
      "beforeHooks": [],
      "afterHooks": [],
      "tests": [],
      "suites": [
        {
          "uuid": "41335dc4-6a04-48c1-a029-d7756280802f",
          "title": "Home screen tests",
          "fullFile": "",
          "file": "",
          "beforeHooks": [],
          "afterHooks": [],
          "tests": [
            {
              "title": "items should be reordered after sorting applying",
              "fullTitle": "Home screen tests items should be reordered after sorting applying",
              "timedOut": null,
              "duration": 1662,
              "state": "passed",
              "speed": "fast",
              "pass": true,
              "fail": false,
              "pending": false,
              "context": null,
              "code": "interceptSorting(\"sort=biggest-rate\");\ncy.get(_homePage.default.sorting.byRate).click();\ncy.get(_homePage.default.sorting.byRate).click();\ncy.wait(\"@sortingApplied\").then(({\n  response: {\n    body: {\n      cocktails: cocktails\n    }\n  }\n}) => {\n  cy.get(_homePage.default.cocktailCard).each(item => {\n    const itemText = item.text().trim();\n    expect(itemText).to.contain(cocktails[item.index()].name);\n  });\n});",
              "err": {},
              "uuid": "d5cb7626-d154-4a0d-a3ca-ba213b4005ee",
              "parentUUID": "41335dc4-6a04-48c1-a029-d7756280802f",
              "isHook": false,
              "skipped": false
            }
          ],
          "suites": [],
          "passes": [
            "d5cb7626-d154-4a0d-a3ca-ba213b4005ee"
          ],
          "failures": [],
          "pending": [],
          "skipped": [],
          "duration": 1662,
          "root": false,
          "rootEmpty": false,
          "_timeout": 2000
        }
      ],
      "passes": [],
      "failures": [],
      "pending": [],
      "skipped": [],
      "duration": 0,
      "root": true,
      "rootEmpty": true,
      "_timeout": 2000
    },
    {
      "uuid": "bcd5ba44-d627-42e7-973d-ce1f47bb7fc1",
      "title": "",
      "fullFile": "cypress/tests/search.cy.js",
      "file": "cypress/tests/search.cy.js",
      "beforeHooks": [],
      "afterHooks": [],
      "tests": [],
      "suites": [
        {
          "uuid": "11cea8aa-6d03-4d34-a53c-11924e7d79fd",
          "title": "search cocktail tests",
          "fullFile": "",
          "file": "",
          "beforeHooks": [],
          "afterHooks": [],
          "tests": [
            {
              "title": "search from home screen",
              "fullTitle": "search cocktail tests search from home screen",
              "timedOut": null,
              "duration": 1639,
              "state": "passed",
              "speed": "fast",
              "pass": true,
              "fail": false,
              "pending": false,
              "context": null,
              "code": "let searchSuggestion;\ncy.get(_homePage.default.search).type('м');\ncy.get(_homePage.default.searchSuggestions).first().then(searchSug => {\n  searchSuggestion = searchSug.text().trim();\n  console.log(searchSuggestion);\n  cy.wrap(searchSug).click();\n  cy.get('h1').should('contain', searchSuggestion);\n});",
              "err": {},
              "uuid": "ad16402b-c613-4c8b-a06b-1c8218f40078",
              "parentUUID": "11cea8aa-6d03-4d34-a53c-11924e7d79fd",
              "isHook": false,
              "skipped": false
            }
          ],
          "suites": [],
          "passes": [
            "ad16402b-c613-4c8b-a06b-1c8218f40078"
          ],
          "failures": [],
          "pending": [],
          "skipped": [],
          "duration": 1639,
          "root": false,
          "rootEmpty": false,
          "_timeout": 2000
        }
      ],
      "passes": [],
      "failures": [],
      "pending": [],
      "skipped": [],
      "duration": 0,
      "root": true,
      "rootEmpty": true,
      "_timeout": 2000
    },
    {
      "uuid": "c2718a0b-f017-449a-a214-f3e5553f2920",
      "title": "",
      "fullFile": "cypress/tests/cocktail.cy.js",
      "file": "cypress/tests/cocktail.cy.js",
      "beforeHooks": [],
      "afterHooks": [],
      "tests": [],
      "suites": [
        {
          "uuid": "f23d3c16-e6c2-46f2-8fc4-5faf379cba9c",
          "title": "A cocktail's screen tests",
          "fullFile": "",
          "file": "",
          "beforeHooks": [],
          "afterHooks": [],
          "tests": [
            {
              "title": "Check the required elements are shown on the page",
              "fullTitle": "A cocktail's screen tests Check the required elements are shown on the page",
              "timedOut": null,
              "duration": 1708,
              "state": "passed",
              "speed": "fast",
              "pass": true,
              "fail": false,
              "pending": false,
              "context": null,
              "code": "cy.intercept({\n  method: \"GET\",\n  url: \"/v2/cocktail/*\"\n}).as(\"cocktail\");\ncy.get(\".cocktails-body__list\").find(\".list__item\").eq(0).click();\ncy.wait('@cocktail').then(({\n  response: {\n    body: cocktail\n  }\n}) => {\n  cy.get(_cocktailPage.default.title).should('contain', cocktail.name);\n  cy.get(_cocktailPage.default.recipeItem).each(listItem => {\n    const itemText = listItem.text();\n    expect(itemText).to.equal(cocktail.receipt[listItem.index()]);\n  });\n  cy.get(_cocktailPage.default.component).each(listItem => {\n    const itemText = listItem.text();\n    expect(itemText).contains(cocktail.goods[listItem.index()].name);\n  });\n  cy.get(_cocktailPage.default.tools).each(listItem => {\n    const itemText = listItem.text();\n    expect(itemText).contains(cocktail.tools[listItem.index()].name);\n  });\n});",
              "err": {},
              "uuid": "debc46ca-b1db-48bd-9859-804d493e4bb0",
              "parentUUID": "f23d3c16-e6c2-46f2-8fc4-5faf379cba9c",
              "isHook": false,
              "skipped": false
            }
          ],
          "suites": [],
          "passes": [
            "debc46ca-b1db-48bd-9859-804d493e4bb0"
          ],
          "failures": [],
          "pending": [],
          "skipped": [],
          "duration": 1708,
          "root": false,
          "rootEmpty": false,
          "_timeout": 2000
        }
      ],
      "passes": [],
      "failures": [],
      "pending": [],
      "skipped": [],
      "duration": 0,
      "root": true,
      "rootEmpty": true,
      "_timeout": 2000
    }
  ],
  "meta": {
    "mocha": {
      "version": "7.0.1"
    },
    "mochawesome": {
      "options": {
        "quiet": false,
        "reportFilename": "mochawesome",
        "saveHtml": false,
        "saveJson": true,
        "consoleReporter": "spec",
        "useInlineDiffs": false,
        "code": true
      },
      "version": "7.1.3"
    },
    "marge": {
      "options": {
        "id": "default",
        "reportDir": "cypress/results/mochawesome",
        "overwrite": false,
        "html": false,
        "json": true
      },
      "version": "6.2.0"
    }
  }
}