{
  "stats": {
    "suites": 5,
    "tests": 7,
    "passes": 7,
    "pending": 0,
    "failures": 0,
    "testsRegistered": 7,
    "passPercent": 100,
    "pendingPercent": 0,
    "other": 0,
    "hasOther": false,
    "skipped": 0,
    "hasSkipped": false,
    "start": "2023-07-10T12:54:04.225Z",
    "end": "2023-07-10T12:54:19.870Z",
    "duration": 15645
  },
  "results": [
    {
      "uuid": "fe622e42-34a8-4f70-9c3f-6feb2607cff0",
      "title": "",
      "fullFile": "cypress/tests/home-mobile.cy.js",
      "file": "cypress/tests/home-mobile.cy.js",
      "beforeHooks": [],
      "afterHooks": [],
      "tests": [],
      "suites": [
        {
          "uuid": "8a68efab-5762-4b7a-a4bc-69b0193ee41f",
          "title": "Home screen elements on the different screen resolutions",
          "fullFile": "",
          "file": "",
          "beforeHooks": [],
          "afterHooks": [],
          "tests": [],
          "suites": [
            {
              "uuid": "bcde5838-bd21-46aa-aa27-f6cc2495c0e0",
              "title": "for iphone-6 screen size",
              "fullFile": "",
              "file": "",
              "beforeHooks": [],
              "afterHooks": [],
              "tests": [
                {
                  "title": "can view the cocktails list and open the detailed cocktail screen",
                  "fullTitle": "Home screen elements on the different screen resolutions for iphone-6 screen size can view the cocktails list and open the detailed cocktail screen",
                  "timedOut": null,
                  "duration": 1587,
                  "state": "passed",
                  "speed": "fast",
                  "pass": true,
                  "fail": false,
                  "pending": false,
                  "context": null,
                  "code": "cy.intercept({\n  method: \"GET\",\n  url: \"/v2/cocktail/*\"\n}).as(\"cocktail\");\ncy.request({\n  method: 'GET',\n  url: 'https://whale-app-iz3av.ondigitalocean.app/v2/filter?page=0',\n  headers: {\n    'Content-Type': 'application/json'\n  }\n}).then(cocktailsList => {\n  const cocktails = cocktailsList.body.cocktails;\n  cy.get(_homePage.default.sorting.byRate).should(\"be.visible\");\n  cy.get(_homePage.default.search).should(\"be.visible\");\n  cy.get(_homePage.default.cocktailCard).each(item => {\n    const itemText = item.text().trim();\n    expect(itemText).to.contain(cocktails[item.index()].name);\n  });\n  cy.get(_homePage.default.cocktailCard).then(cocktails => {\n    const cocktailsArray = cocktails.toArray();\n    cy.wrap(Cypress._.sample(cocktailsArray)).click();\n  });\n  cy.wait('@cocktail').then(({\n    response: {\n      body: cocktail\n    }\n  }) => {\n    cy.get(_cocktailPage.default.title).should('contain', cocktail.name);\n    cy.get(_cocktailPage.default.recipeItem).each(listItem => {\n      const itemText = listItem.text();\n      expect(itemText).to.equal(cocktail.receipt[listItem.index()]);\n    });\n    cy.get(_cocktailPage.default.component).each(listItem => {\n      const itemText = listItem.text();\n      expect(itemText).contains(cocktail.goods[listItem.index()].name);\n    });\n    cy.get(_cocktailPage.default.tools).each(listItem => {\n      const itemText = listItem.text();\n      expect(itemText).contains(cocktail.tools[listItem.index()].name);\n    });\n  });\n});",
                  "err": {},
                  "uuid": "2a4cb19e-8f30-48d5-9d1d-2248784ce51d",
                  "parentUUID": "bcde5838-bd21-46aa-aa27-f6cc2495c0e0",
                  "isHook": false,
                  "skipped": false
                }
              ],
              "suites": [],
              "passes": [
                "2a4cb19e-8f30-48d5-9d1d-2248784ce51d"
              ],
              "failures": [],
              "pending": [],
              "skipped": [],
              "duration": 1587,
              "root": false,
              "rootEmpty": false,
              "_timeout": 2000
            },
            {
              "uuid": "a26b5060-3432-4032-94fd-78e36755a4f5",
              "title": "for ipad-2 screen size",
              "fullFile": "",
              "file": "",
              "beforeHooks": [],
              "afterHooks": [],
              "tests": [
                {
                  "title": "can view the cocktails list and open the detailed cocktail screen",
                  "fullTitle": "Home screen elements on the different screen resolutions for ipad-2 screen size can view the cocktails list and open the detailed cocktail screen",
                  "timedOut": null,
                  "duration": 1336,
                  "state": "passed",
                  "speed": "fast",
                  "pass": true,
                  "fail": false,
                  "pending": false,
                  "context": null,
                  "code": "cy.intercept({\n  method: \"GET\",\n  url: \"/v2/cocktail/*\"\n}).as(\"cocktail\");\ncy.request({\n  method: 'GET',\n  url: 'https://whale-app-iz3av.ondigitalocean.app/v2/filter?page=0',\n  headers: {\n    'Content-Type': 'application/json'\n  }\n}).then(cocktailsList => {\n  const cocktails = cocktailsList.body.cocktails;\n  cy.get(_homePage.default.sorting.byRate).should(\"be.visible\");\n  cy.get(_homePage.default.search).should(\"be.visible\");\n  cy.get(_homePage.default.cocktailCard).each(item => {\n    const itemText = item.text().trim();\n    expect(itemText).to.contain(cocktails[item.index()].name);\n  });\n  cy.get(_homePage.default.cocktailCard).then(cocktails => {\n    const cocktailsArray = cocktails.toArray();\n    cy.wrap(Cypress._.sample(cocktailsArray)).click();\n  });\n  cy.wait('@cocktail').then(({\n    response: {\n      body: cocktail\n    }\n  }) => {\n    cy.get(_cocktailPage.default.title).should('contain', cocktail.name);\n    cy.get(_cocktailPage.default.recipeItem).each(listItem => {\n      const itemText = listItem.text();\n      expect(itemText).to.equal(cocktail.receipt[listItem.index()]);\n    });\n    cy.get(_cocktailPage.default.component).each(listItem => {\n      const itemText = listItem.text();\n      expect(itemText).contains(cocktail.goods[listItem.index()].name);\n    });\n    cy.get(_cocktailPage.default.tools).each(listItem => {\n      const itemText = listItem.text();\n      expect(itemText).contains(cocktail.tools[listItem.index()].name);\n    });\n  });\n});",
                  "err": {},
                  "uuid": "6fe4627e-8aa4-4025-b015-882ff4133613",
                  "parentUUID": "a26b5060-3432-4032-94fd-78e36755a4f5",
                  "isHook": false,
                  "skipped": false
                }
              ],
              "suites": [],
              "passes": [
                "6fe4627e-8aa4-4025-b015-882ff4133613"
              ],
              "failures": [],
              "pending": [],
              "skipped": [],
              "duration": 1336,
              "root": false,
              "rootEmpty": false,
              "_timeout": 2000
            },
            {
              "uuid": "a525beb5-b92e-4ac0-a66c-304cd6a80dc3",
              "title": "for macbook-13 screen size",
              "fullFile": "",
              "file": "",
              "beforeHooks": [],
              "afterHooks": [],
              "tests": [
                {
                  "title": "can view the cocktails list and open the detailed cocktail screen",
                  "fullTitle": "Home screen elements on the different screen resolutions for macbook-13 screen size can view the cocktails list and open the detailed cocktail screen",
                  "timedOut": null,
                  "duration": 1344,
                  "state": "passed",
                  "speed": "fast",
                  "pass": true,
                  "fail": false,
                  "pending": false,
                  "context": null,
                  "code": "cy.intercept({\n  method: \"GET\",\n  url: \"/v2/cocktail/*\"\n}).as(\"cocktail\");\ncy.request({\n  method: 'GET',\n  url: 'https://whale-app-iz3av.ondigitalocean.app/v2/filter?page=0',\n  headers: {\n    'Content-Type': 'application/json'\n  }\n}).then(cocktailsList => {\n  const cocktails = cocktailsList.body.cocktails;\n  cy.get(_homePage.default.sorting.byRate).should(\"be.visible\");\n  cy.get(_homePage.default.search).should(\"be.visible\");\n  cy.get(_homePage.default.cocktailCard).each(item => {\n    const itemText = item.text().trim();\n    expect(itemText).to.contain(cocktails[item.index()].name);\n  });\n  cy.get(_homePage.default.cocktailCard).then(cocktails => {\n    const cocktailsArray = cocktails.toArray();\n    cy.wrap(Cypress._.sample(cocktailsArray)).click();\n  });\n  cy.wait('@cocktail').then(({\n    response: {\n      body: cocktail\n    }\n  }) => {\n    cy.get(_cocktailPage.default.title).should('contain', cocktail.name);\n    cy.get(_cocktailPage.default.recipeItem).each(listItem => {\n      const itemText = listItem.text();\n      expect(itemText).to.equal(cocktail.receipt[listItem.index()]);\n    });\n    cy.get(_cocktailPage.default.component).each(listItem => {\n      const itemText = listItem.text();\n      expect(itemText).contains(cocktail.goods[listItem.index()].name);\n    });\n    cy.get(_cocktailPage.default.tools).each(listItem => {\n      const itemText = listItem.text();\n      expect(itemText).contains(cocktail.tools[listItem.index()].name);\n    });\n  });\n});",
                  "err": {},
                  "uuid": "aedf742c-afde-4d9d-8d57-ebb4d77d0d62",
                  "parentUUID": "a525beb5-b92e-4ac0-a66c-304cd6a80dc3",
                  "isHook": false,
                  "skipped": false
                }
              ],
              "suites": [],
              "passes": [
                "aedf742c-afde-4d9d-8d57-ebb4d77d0d62"
              ],
              "failures": [],
              "pending": [],
              "skipped": [],
              "duration": 1344,
              "root": false,
              "rootEmpty": false,
              "_timeout": 2000
            }
          ],
          "passes": [],
          "failures": [],
          "pending": [],
          "skipped": [],
          "duration": 0,
          "root": false,
          "rootEmpty": false,
          "_timeout": 2000
        }
      ],
      "passes": [],
      "failures": [],
      "pending": [],
      "skipped": [],
      "duration": 0,
      "root": true,
      "rootEmpty": true,
      "_timeout": 2000
    },
    {
      "uuid": "877c6f69-8f95-4919-8143-157233427680",
      "title": "",
      "fullFile": "cypress/tests/home-screen-filtering.cy.js",
      "file": "cypress/tests/home-screen-filtering.cy.js",
      "beforeHooks": [],
      "afterHooks": [],
      "tests": [],
      "suites": [
        {
          "uuid": "135f60cd-1600-43c4-bc4e-2b9017a31647",
          "title": "Home screen tests",
          "fullFile": "",
          "file": "",
          "beforeHooks": [],
          "afterHooks": [],
          "tests": [
            {
              "title": "items should be filtered after applying a low alcohol filter",
              "fullTitle": "Home screen tests items should be filtered after applying a low alcohol filter",
              "timedOut": null,
              "duration": 1608,
              "state": "passed",
              "speed": "fast",
              "pass": true,
              "fail": false,
              "pending": false,
              "context": null,
              "code": "interceptFiltering(\"alcohol-volume=slaboalkoholni\");\nlet firstItemName;\ncy.get(_homePage.default.cocktailCard).find(\".cart__name\").first().invoke('text').then(itemTitle => {\n  firstItemName = itemTitle;\n});\n// applying the low alcohol filter\ncy.get(_homePage.default.filters.lowalcohol).click();\n// checking that proper tag is shown\ncy.get(_homePage.default.filters.lowalcoholTag).should('be.visible');\ncy.wait(\"@sortingApplied\").then(({\n  response: {\n    body: {\n      cocktails: cocktails\n    }\n  }\n}) => {\n  cy.get(_homePage.default.cocktailCard).each(item => {\n    const itemText = item.text().trim();\n    expect(itemText).to.contain(cocktails[item.index()].name);\n  });\n  // checking that the first element name is changed after applying filters\n  cy.get(_homePage.default.cocktailCard).find(\".cart__name\").first().should('not.contain', firstItemName);\n});",
              "err": {},
              "uuid": "07eb43e2-5a7f-4e34-9651-8fe4810ff659",
              "parentUUID": "135f60cd-1600-43c4-bc4e-2b9017a31647",
              "isHook": false,
              "skipped": false
            }
          ],
          "suites": [],
          "passes": [
            "07eb43e2-5a7f-4e34-9651-8fe4810ff659"
          ],
          "failures": [],
          "pending": [],
          "skipped": [],
          "duration": 1608,
          "root": false,
          "rootEmpty": false,
          "_timeout": 2000
        }
      ],
      "passes": [],
      "failures": [],
      "pending": [],
      "skipped": [],
      "duration": 0,
      "root": true,
      "rootEmpty": true,
      "_timeout": 2000
    },
    {
      "uuid": "a2143a81-f29e-4b60-80d6-1cc3166e8413",
      "title": "",
      "fullFile": "cypress/tests/home-screen-sorting.cy.js",
      "file": "cypress/tests/home-screen-sorting.cy.js",
      "beforeHooks": [],
      "afterHooks": [],
      "tests": [],
      "suites": [
        {
          "uuid": "bc4d5c00-c6b0-4545-ada7-6d67ebf4062f",
          "title": "Home screen tests",
          "fullFile": "",
          "file": "",
          "beforeHooks": [],
          "afterHooks": [],
          "tests": [
            {
              "title": "items should be reordered after sorting applying",
              "fullTitle": "Home screen tests items should be reordered after sorting applying",
              "timedOut": null,
              "duration": 2628,
              "state": "passed",
              "speed": "fast",
              "pass": true,
              "fail": false,
              "pending": false,
              "context": null,
              "code": "interceptSorting(\"sort=biggest-rate\");\ncy.get(_homePage.default.sorting.byRate).click();\ncy.get(_homePage.default.sorting.byRate).click();\ncy.wait(\"@sortingApplied\").then(({\n  response: {\n    body: {\n      cocktails: cocktails\n    }\n  }\n}) => {\n  cy.wait(1000);\n  cy.get(_homePage.default.cocktailCard).each(item => {\n    const itemText = item.text().trim();\n    expect(itemText).to.contain(cocktails[item.index()].name);\n  });\n});",
              "err": {},
              "uuid": "de002f8c-6245-4694-8527-b15b17b3c1e1",
              "parentUUID": "bc4d5c00-c6b0-4545-ada7-6d67ebf4062f",
              "isHook": false,
              "skipped": false
            }
          ],
          "suites": [],
          "passes": [
            "de002f8c-6245-4694-8527-b15b17b3c1e1"
          ],
          "failures": [],
          "pending": [],
          "skipped": [],
          "duration": 2628,
          "root": false,
          "rootEmpty": false,
          "_timeout": 2000
        }
      ],
      "passes": [],
      "failures": [],
      "pending": [],
      "skipped": [],
      "duration": 0,
      "root": true,
      "rootEmpty": true,
      "_timeout": 2000
    },
    {
      "uuid": "d2874a5f-cdcc-48fc-83d1-bf01ea4bf5b9",
      "title": "",
      "fullFile": "cypress/tests/search.cy.js",
      "file": "cypress/tests/search.cy.js",
      "beforeHooks": [],
      "afterHooks": [],
      "tests": [],
      "suites": [
        {
          "uuid": "a650811c-d44e-4fb2-8314-cf8d08f3b609",
          "title": "search cocktail tests",
          "fullFile": "",
          "file": "",
          "beforeHooks": [],
          "afterHooks": [],
          "tests": [
            {
              "title": "search from home screen",
              "fullTitle": "search cocktail tests search from home screen",
              "timedOut": null,
              "duration": 1637,
              "state": "passed",
              "speed": "fast",
              "pass": true,
              "fail": false,
              "pending": false,
              "context": null,
              "code": "let searchSuggestion;\ncy.get(_homePage.default.search).type('м');\ncy.get(_homePage.default.searchSuggestions).first().then(searchSug => {\n  searchSuggestion = searchSug.text().trim();\n  console.log(searchSuggestion);\n  cy.wrap(searchSug).click();\n  cy.get('h1').should('contain', searchSuggestion);\n});",
              "err": {},
              "uuid": "87e16e26-ab06-42de-af65-eebddadbd9fd",
              "parentUUID": "a650811c-d44e-4fb2-8314-cf8d08f3b609",
              "isHook": false,
              "skipped": false
            }
          ],
          "suites": [],
          "passes": [
            "87e16e26-ab06-42de-af65-eebddadbd9fd"
          ],
          "failures": [],
          "pending": [],
          "skipped": [],
          "duration": 1637,
          "root": false,
          "rootEmpty": false,
          "_timeout": 2000
        }
      ],
      "passes": [],
      "failures": [],
      "pending": [],
      "skipped": [],
      "duration": 0,
      "root": true,
      "rootEmpty": true,
      "_timeout": 2000
    },
    {
      "uuid": "1e15ee92-9e5e-4274-908d-c59cd54251a3",
      "title": "",
      "fullFile": "cypress/tests/cocktail.cy.js",
      "file": "cypress/tests/cocktail.cy.js",
      "beforeHooks": [],
      "afterHooks": [],
      "tests": [],
      "suites": [
        {
          "uuid": "71c02785-53ee-4bf7-a7cb-e75276ef8a2a",
          "title": "A cocktail's screen tests",
          "fullFile": "",
          "file": "",
          "beforeHooks": [],
          "afterHooks": [],
          "tests": [
            {
              "title": "Check the required elements are shown on the page",
              "fullTitle": "A cocktail's screen tests Check the required elements are shown on the page",
              "timedOut": null,
              "duration": 1566,
              "state": "passed",
              "speed": "fast",
              "pass": true,
              "fail": false,
              "pending": false,
              "context": null,
              "code": "cy.intercept({\n  method: \"GET\",\n  url: \"/v2/cocktail/*\"\n}).as(\"cocktail\");\ncy.get('[data-cy=\"cocktailCard\"]').should('be.visible').should('have.length.gt', 3).then(cocktails => {\n  const cocktailsArray = cocktails.toArray();\n  cy.wrap(Cypress._.sample(cocktailsArray)).click();\n});\ncy.wait('@cocktail').then(({\n  response: {\n    body: cocktail\n  }\n}) => {\n  cy.get(_cocktailPage.default.title).should('contain', cocktail.name);\n  cy.get(_cocktailPage.default.recipeItem).each(listItem => {\n    const itemText = listItem.text();\n    expect(itemText).to.equal(cocktail.receipt[listItem.index()]);\n  });\n  cy.get(_cocktailPage.default.component).each(listItem => {\n    const itemText = listItem.text();\n    expect(itemText).contains(cocktail.goods[listItem.index()].name);\n  });\n  cy.get(_cocktailPage.default.tools).each(listItem => {\n    const itemText = listItem.text();\n    expect(itemText).contains(cocktail.tools[listItem.index()].name);\n  });\n});",
              "err": {},
              "uuid": "e6173eb1-9221-43fd-a874-11fdc66e5667",
              "parentUUID": "71c02785-53ee-4bf7-a7cb-e75276ef8a2a",
              "isHook": false,
              "skipped": false
            }
          ],
          "suites": [],
          "passes": [
            "e6173eb1-9221-43fd-a874-11fdc66e5667"
          ],
          "failures": [],
          "pending": [],
          "skipped": [],
          "duration": 1566,
          "root": false,
          "rootEmpty": false,
          "_timeout": 2000
        }
      ],
      "passes": [],
      "failures": [],
      "pending": [],
      "skipped": [],
      "duration": 0,
      "root": true,
      "rootEmpty": true,
      "_timeout": 2000
    }
  ],
  "meta": {
    "mocha": {
      "version": "7.0.1"
    },
    "mochawesome": {
      "options": {
        "quiet": false,
        "reportFilename": "mochawesome",
        "saveHtml": false,
        "saveJson": true,
        "consoleReporter": "spec",
        "useInlineDiffs": false,
        "code": true
      },
      "version": "7.1.3"
    },
    "marge": {
      "options": {
        "id": "default",
        "reportDir": "cypress/results/mochawesome",
        "overwrite": false,
        "html": false,
        "json": true
      },
      "version": "6.2.0"
    }
  }
}