{
  "stats": {
    "suites": 4,
    "tests": 8,
    "passes": 8,
    "pending": 0,
    "failures": 0,
    "testsRegistered": 8,
    "passPercent": 100,
    "pendingPercent": 0,
    "other": 0,
    "hasOther": false,
    "skipped": 0,
    "hasSkipped": false,
    "start": "2023-05-15T14:17:16.743Z",
    "end": "2023-05-15T14:17:32.695Z",
    "duration": 15952
  },
  "results": [
    {
      "uuid": "2f4833e0-c648-410d-bf08-d2b98ace974a",
      "title": "",
      "fullFile": "cypress/tests/home-mobile.cy.js",
      "file": "cypress/tests/home-mobile.cy.js",
      "beforeHooks": [],
      "afterHooks": [],
      "tests": [],
      "suites": [
        {
          "uuid": "84d191ba-ced0-4ed4-b1e8-544461aaffbd",
          "title": "Home screen tests",
          "fullFile": "",
          "file": "",
          "beforeHooks": [],
          "afterHooks": [],
          "tests": [],
          "suites": [
            {
              "uuid": "bf89949c-981c-413a-8fe4-021a9dff399c",
              "title": "for iphone-6 screen size",
              "fullFile": "",
              "file": "",
              "beforeHooks": [],
              "afterHooks": [],
              "tests": [
                {
                  "title": "The cocktails list should be visible",
                  "fullTitle": "Home screen tests for iphone-6 screen size The cocktails list should be visible",
                  "timedOut": null,
                  "duration": 1281,
                  "state": "passed",
                  "speed": "fast",
                  "pass": true,
                  "fail": false,
                  "pending": false,
                  "context": null,
                  "code": "// cy.request({\n//   method: 'GET',\n//   url: 'https://whale-app-iz3av.ondigitalocean.app/v2/search/cocktails?page=0',\n//   headers: {\n//     'Content-Type': 'application/json'\n//   }\n// }).then((cocktailsList) => {\n//   const cocktails = cocktailsList.body.cocktails\ncy.get(_homePage.default.vertical.selector.sorting.byRate).should(\"be.visible\");\ncy.get(_homePage.default.vertical.selector.filters.lowalcohol).should(\"be.visible\");\n//   cy.get(homePage.vertical.selector.cocktailCard).each(item => {\n//     const itemText = item.text().trim()\n//     expect(itemText).to.contain(cocktails[item.index()].name)\n//   })\ncy.get(_homePage.default.vertical.selector.cocktailCard).find(\".cart__name\").first().should('contain', \"test\");\ncy.get(_homePage.default.vertical.selector.cocktailCard).click();\n// })",
                  "err": {},
                  "uuid": "0bccd97a-1593-4ad9-b9a1-12167e6bbe70",
                  "parentUUID": "bf89949c-981c-413a-8fe4-021a9dff399c",
                  "isHook": false,
                  "skipped": false
                }
              ],
              "suites": [],
              "passes": [
                "0bccd97a-1593-4ad9-b9a1-12167e6bbe70"
              ],
              "failures": [],
              "pending": [],
              "skipped": [],
              "duration": 1281,
              "root": false,
              "rootEmpty": false,
              "_timeout": 2000
            },
            {
              "uuid": "63eb9657-74a6-4bd8-a6e1-cfd53b0efaa4",
              "title": "for ipad-2 screen size",
              "fullFile": "",
              "file": "",
              "beforeHooks": [],
              "afterHooks": [],
              "tests": [
                {
                  "title": "The cocktails list should be visible",
                  "fullTitle": "Home screen tests for ipad-2 screen size The cocktails list should be visible",
                  "timedOut": null,
                  "duration": 1280,
                  "state": "passed",
                  "speed": "fast",
                  "pass": true,
                  "fail": false,
                  "pending": false,
                  "context": null,
                  "code": "// cy.request({\n//   method: 'GET',\n//   url: 'https://whale-app-iz3av.ondigitalocean.app/v2/search/cocktails?page=0',\n//   headers: {\n//     'Content-Type': 'application/json'\n//   }\n// }).then((cocktailsList) => {\n//   const cocktails = cocktailsList.body.cocktails\ncy.get(_homePage.default.vertical.selector.sorting.byRate).should(\"be.visible\");\ncy.get(_homePage.default.vertical.selector.filters.lowalcohol).should(\"be.visible\");\n//   cy.get(homePage.vertical.selector.cocktailCard).each(item => {\n//     const itemText = item.text().trim()\n//     expect(itemText).to.contain(cocktails[item.index()].name)\n//   })\ncy.get(_homePage.default.vertical.selector.cocktailCard).find(\".cart__name\").first().should('contain', \"test\");\ncy.get(_homePage.default.vertical.selector.cocktailCard).click();\n// })",
                  "err": {},
                  "uuid": "f8d12435-b3c1-4470-899e-e1aab8d14962",
                  "parentUUID": "63eb9657-74a6-4bd8-a6e1-cfd53b0efaa4",
                  "isHook": false,
                  "skipped": false
                }
              ],
              "suites": [],
              "passes": [
                "f8d12435-b3c1-4470-899e-e1aab8d14962"
              ],
              "failures": [],
              "pending": [],
              "skipped": [],
              "duration": 1280,
              "root": false,
              "rootEmpty": false,
              "_timeout": 2000
            },
            {
              "uuid": "98ef8faa-15bb-40bb-9b46-b15895551c69",
              "title": "for macbook-13 screen size",
              "fullFile": "",
              "file": "",
              "beforeHooks": [],
              "afterHooks": [],
              "tests": [
                {
                  "title": "The cocktails list should be visible",
                  "fullTitle": "Home screen tests for macbook-13 screen size The cocktails list should be visible",
                  "timedOut": null,
                  "duration": 1144,
                  "state": "passed",
                  "speed": "fast",
                  "pass": true,
                  "fail": false,
                  "pending": false,
                  "context": null,
                  "code": "// cy.request({\n//   method: 'GET',\n//   url: 'https://whale-app-iz3av.ondigitalocean.app/v2/search/cocktails?page=0',\n//   headers: {\n//     'Content-Type': 'application/json'\n//   }\n// }).then((cocktailsList) => {\n//   const cocktails = cocktailsList.body.cocktails\ncy.get(_homePage.default.vertical.selector.sorting.byRate).should(\"be.visible\");\ncy.get(_homePage.default.vertical.selector.filters.lowalcohol).should(\"be.visible\");\n//   cy.get(homePage.vertical.selector.cocktailCard).each(item => {\n//     const itemText = item.text().trim()\n//     expect(itemText).to.contain(cocktails[item.index()].name)\n//   })\ncy.get(_homePage.default.vertical.selector.cocktailCard).find(\".cart__name\").first().should('contain', \"test\");\ncy.get(_homePage.default.vertical.selector.cocktailCard).click();\n// })",
                  "err": {},
                  "uuid": "95819464-ad08-4b67-8890-57a6fcf3105f",
                  "parentUUID": "98ef8faa-15bb-40bb-9b46-b15895551c69",
                  "isHook": false,
                  "skipped": false
                }
              ],
              "suites": [],
              "passes": [
                "95819464-ad08-4b67-8890-57a6fcf3105f"
              ],
              "failures": [],
              "pending": [],
              "skipped": [],
              "duration": 1144,
              "root": false,
              "rootEmpty": false,
              "_timeout": 2000
            }
          ],
          "passes": [],
          "failures": [],
          "pending": [],
          "skipped": [],
          "duration": 0,
          "root": false,
          "rootEmpty": false,
          "_timeout": 2000
        }
      ],
      "passes": [],
      "failures": [],
      "pending": [],
      "skipped": [],
      "duration": 0,
      "root": true,
      "rootEmpty": true,
      "_timeout": 2000
    },
    {
      "uuid": "33072aa1-afe4-4cbc-8c56-f92d3a7a0b54",
      "title": "",
      "fullFile": "cypress/tests/home-screen.cy.js",
      "file": "cypress/tests/home-screen.cy.js",
      "beforeHooks": [],
      "afterHooks": [],
      "tests": [],
      "suites": [
        {
          "uuid": "771b2026-2d0e-467a-a120-8a5b8d866897",
          "title": "Home screen tests",
          "fullFile": "",
          "file": "",
          "beforeHooks": [],
          "afterHooks": [],
          "tests": [
            {
              "title": "The cocktails list should be visible",
              "fullTitle": "Home screen tests The cocktails list should be visible",
              "timedOut": null,
              "duration": 1202,
              "state": "passed",
              "speed": "fast",
              "pass": true,
              "fail": false,
              "pending": false,
              "context": null,
              "code": "cy.request({\n  method: 'GET',\n  url: 'https://whale-app-iz3av.ondigitalocean.app/v2/search/cocktails?page=0',\n  headers: {\n    'Content-Type': 'application/json'\n  }\n}).then(cocktailsList => {\n  const cocktails = cocktailsList.body.cocktails;\n  cy.get(_homePage.default.vertical.selector.cocktailCard).each(item => {\n    const itemText = item.text().trim();\n    expect(itemText).to.contain(cocktails[item.index()].name);\n  });\n});",
              "err": {},
              "uuid": "6344a851-1095-4681-8870-5986302e6a69",
              "parentUUID": "771b2026-2d0e-467a-a120-8a5b8d866897",
              "isHook": false,
              "skipped": false
            },
            {
              "title": "items should be reordered after sorting applying",
              "fullTitle": "Home screen tests items should be reordered after sorting applying",
              "timedOut": null,
              "duration": 2226,
              "state": "passed",
              "speed": "fast",
              "pass": true,
              "fail": false,
              "pending": false,
              "context": null,
              "code": "interceptSorting(\"sort=biggest-rate\");\ncy.get(_homePage.default.vertical.selector.sorting.byRate).click();\ncy.get(_homePage.default.vertical.selector.sorting.byRate).click();\ncy.wait(\"@sortingApplied\").its('response.body').then(body => {\n  const cocktails = body.cocktails;\n  cy.get(_homePage.default.vertical.selector.cocktailCard).each(item => {\n    const itemText = item.text().trim();\n    expect(itemText).to.contain(cocktails[item.index()].name);\n  });\n});",
              "err": {},
              "uuid": "fc06753a-ca00-43df-8708-7ab303be80eb",
              "parentUUID": "771b2026-2d0e-467a-a120-8a5b8d866897",
              "isHook": false,
              "skipped": false
            },
            {
              "title": "items should be filteres after applying a low alcohol filter",
              "fullTitle": "Home screen tests items should be filteres after applying a low alcohol filter",
              "timedOut": null,
              "duration": 2126,
              "state": "passed",
              "speed": "fast",
              "pass": true,
              "fail": false,
              "pending": false,
              "context": null,
              "code": "interceptSorting(\"alcohol-volume=1\");\nlet firstItemName;\ncy.get(_homePage.default.vertical.selector.cocktailCard).find(\".cart__name\").first().invoke('text').then(itemTitle => {\n  firstItemName = itemTitle;\n});\n// applying the low alcohol filter\ncy.get(_homePage.default.vertical.selector.filters.lowalcohol).click();\n// checking that proper tag is shown\ncy.get(_homePage.default.vertical.selector.filters.lowalcoholTag).should('be.visible');\n// applying the low alcohol filter again because when it clicked programatically the request is not sent\ncy.get(_homePage.default.vertical.selector.filters.lowalcohol).click();\ncy.wait(\"@sortingApplied\").its('response.body').then(body => {\n  const cocktails = body.cocktails;\n  cy.get(_homePage.default.vertical.selector.cocktailCard).each(item => {\n    const itemText = item.text().trim();\n    expect(itemText).to.contain(cocktails[item.index()].name);\n  });\n  // checking that the first element name is changed after applying filters\n  cy.get(_homePage.default.vertical.selector.cocktailCard).find(\".cart__name\").first().should('not.contain', firstItemName);\n});",
              "err": {},
              "uuid": "5aa65974-33e6-4326-b35e-e853899cbcf2",
              "parentUUID": "771b2026-2d0e-467a-a120-8a5b8d866897",
              "isHook": false,
              "skipped": false
            }
          ],
          "suites": [],
          "passes": [
            "6344a851-1095-4681-8870-5986302e6a69",
            "fc06753a-ca00-43df-8708-7ab303be80eb",
            "5aa65974-33e6-4326-b35e-e853899cbcf2"
          ],
          "failures": [],
          "pending": [],
          "skipped": [],
          "duration": 5554,
          "root": false,
          "rootEmpty": false,
          "_timeout": 2000
        }
      ],
      "passes": [],
      "failures": [],
      "pending": [],
      "skipped": [],
      "duration": 0,
      "root": true,
      "rootEmpty": true,
      "_timeout": 2000
    },
    {
      "uuid": "0f7b49d0-071e-4716-a991-fe0c841eac12",
      "title": "",
      "fullFile": "cypress/tests/search.cy.js",
      "file": "cypress/tests/search.cy.js",
      "beforeHooks": [],
      "afterHooks": [],
      "tests": [],
      "suites": [
        {
          "uuid": "6d0ae595-fe2f-44ec-8283-01783fac41fd",
          "title": "search cocktail tests",
          "fullFile": "",
          "file": "",
          "beforeHooks": [],
          "afterHooks": [],
          "tests": [
            {
              "title": "search from home screen",
              "fullTitle": "search cocktail tests search from home screen",
              "timedOut": null,
              "duration": 2035,
              "state": "passed",
              "speed": "fast",
              "pass": true,
              "fail": false,
              "pending": false,
              "context": null,
              "code": "let searchSuggestion;\ncy.get('.search').type('м');\ncy.get('.search-result-list-item').first().then(searchSug => {\n  searchSuggestion = searchSug.text().trim();\n  console.log(searchSuggestion);\n  cy.wrap(searchSug).click();\n  cy.get('h1').should('contain', searchSuggestion);\n});",
              "err": {},
              "uuid": "e9bed1f8-eb97-4c2f-8a1c-6fbd3f428904",
              "parentUUID": "6d0ae595-fe2f-44ec-8283-01783fac41fd",
              "isHook": false,
              "skipped": false
            }
          ],
          "suites": [],
          "passes": [
            "e9bed1f8-eb97-4c2f-8a1c-6fbd3f428904"
          ],
          "failures": [],
          "pending": [],
          "skipped": [],
          "duration": 2035,
          "root": false,
          "rootEmpty": false,
          "_timeout": 2000
        }
      ],
      "passes": [],
      "failures": [],
      "pending": [],
      "skipped": [],
      "duration": 0,
      "root": true,
      "rootEmpty": true,
      "_timeout": 2000
    },
    {
      "uuid": "2cbfa81a-4ac2-41cc-b3b6-c95829efb284",
      "title": "",
      "fullFile": "cypress/tests/cocktail.cy.js",
      "file": "cypress/tests/cocktail.cy.js",
      "beforeHooks": [],
      "afterHooks": [],
      "tests": [],
      "suites": [
        {
          "uuid": "2ef0b060-57b4-437c-9fc9-ffee348b4e77",
          "title": "A cocktail's screen tests",
          "fullFile": "",
          "file": "",
          "beforeHooks": [],
          "afterHooks": [],
          "tests": [
            {
              "title": "Check the required elements are shown on the page",
              "fullTitle": "A cocktail's screen tests Check the required elements are shown on the page",
              "timedOut": null,
              "duration": 1979,
              "state": "passed",
              "speed": "fast",
              "pass": true,
              "fail": false,
              "pending": false,
              "context": null,
              "code": "cy.intercept({\n  method: \"GET\",\n  url: \"/v2/cocktails/full*\"\n}).as(\"cocktail\");\ncy.get(\".cocktails-body__list\").find(\".list__item\").eq(0).click();\ncy.wait('@cocktail').then(cocktail => {\n  const details = cocktail.response.body;\n  const receipt = details.receipt;\n  const goods = details.goods;\n  const tools = details.tools;\n  cy.get('.cocktail-header-title').should('contain', details.name);\n  cy.get('h1').should('contain', details.name);\n  cy.get('.cocktail-body-recipe-list .cocktail-body-recipe-list-item').each(listItem => {\n    const itemText = listItem.text();\n    expect(itemText).to.equal(receipt[listItem.index()]);\n  });\n  cy.get('.cocktail-body__goods .сomponents-list-item').each(listItem => {\n    const itemText = listItem.text();\n    expect(itemText).contains(goods[listItem.index()].name);\n  });\n  cy.get('.cocktail-body__tools .сomponents-list-item').each(listItem => {\n    const itemText = listItem.text();\n    expect(itemText).contains(tools[listItem.index()].name);\n  });\n});",
              "err": {},
              "uuid": "1e019dad-7270-4a99-af87-95f41a0d6ea0",
              "parentUUID": "2ef0b060-57b4-437c-9fc9-ffee348b4e77",
              "isHook": false,
              "skipped": false
            }
          ],
          "suites": [],
          "passes": [
            "1e019dad-7270-4a99-af87-95f41a0d6ea0"
          ],
          "failures": [],
          "pending": [],
          "skipped": [],
          "duration": 1979,
          "root": false,
          "rootEmpty": false,
          "_timeout": 2000
        }
      ],
      "passes": [],
      "failures": [],
      "pending": [],
      "skipped": [],
      "duration": 0,
      "root": true,
      "rootEmpty": true,
      "_timeout": 2000
    }
  ],
  "meta": {
    "mocha": {
      "version": "7.0.1"
    },
    "mochawesome": {
      "options": {
        "quiet": false,
        "reportFilename": "mochawesome",
        "saveHtml": false,
        "saveJson": true,
        "consoleReporter": "spec",
        "useInlineDiffs": false,
        "code": true
      },
      "version": "7.1.3"
    },
    "marge": {
      "options": {
        "id": "default",
        "reportDir": "cypress/results/mochawesome",
        "overwrite": false,
        "html": false,
        "json": true
      },
      "version": "6.2.0"
    }
  }
}