{
  "stats": {
    "suites": 4,
    "tests": 7,
    "passes": 7,
    "pending": 0,
    "failures": 0,
    "testsRegistered": 7,
    "passPercent": 100,
    "pendingPercent": 0,
    "other": 0,
    "hasOther": false,
    "skipped": 0,
    "hasSkipped": false,
    "start": "2023-06-16T10:07:22.300Z",
    "end": "2023-06-16T10:07:36.364Z",
    "duration": 14064
  },
  "results": [
    {
      "uuid": "684d2fb5-ab22-44b6-9aea-431fbe0581a4",
      "title": "",
      "fullFile": "cypress/tests/home-mobile.cy.js",
      "file": "cypress/tests/home-mobile.cy.js",
      "beforeHooks": [],
      "afterHooks": [],
      "tests": [],
      "suites": [
        {
          "uuid": "044ee9b5-66ea-4fd0-b486-b30d47e8d7c8",
          "title": "Home screen elements on the different screen resolutions",
          "fullFile": "",
          "file": "",
          "beforeHooks": [],
          "afterHooks": [],
          "tests": [],
          "suites": [
            {
              "uuid": "62c3d24a-ca63-462d-8260-e24330f05163",
              "title": "for iphone-6 screen size",
              "fullFile": "",
              "file": "",
              "beforeHooks": [],
              "afterHooks": [],
              "tests": [
                {
                  "title": "can view the cocktails list and open the detailed cocktail screen",
                  "fullTitle": "Home screen elements on the different screen resolutions for iphone-6 screen size can view the cocktails list and open the detailed cocktail screen",
                  "timedOut": null,
                  "duration": 1476,
                  "state": "passed",
                  "speed": "fast",
                  "pass": true,
                  "fail": false,
                  "pending": false,
                  "context": null,
                  "code": "cy.intercept({\n  method: \"GET\",\n  url: \"/v2/cocktails/full*\"\n}).as(\"cocktail\");\ncy.request({\n  method: 'GET',\n  url: 'https://whale-app-iz3av.ondigitalocean.app/v2/filter?page=0',\n  headers: {\n    'Content-Type': 'application/json'\n  }\n}).then(cocktailsList => {\n  const cocktails = cocktailsList.body.cocktails;\n  cy.get(_homePage.default.vertical.selector.sorting.byRate).should(\"be.visible\");\n  cy.get(_homePage.default.vertical.selector.search).should(\"be.visible\");\n  cy.get(_homePage.default.vertical.selector.cocktailCard).each(item => {\n    const itemText = item.text().trim();\n    expect(itemText).to.contain(cocktails[item.index()].name);\n  });\n  cy.get(_homePage.default.vertical.selector.cocktailCard).eq(5).click();\n  cy.wait('@cocktail').then(cocktail => {\n    const details = cocktail.response.body;\n    const receipt = details.receipt;\n    const goods = details.goods;\n    const tools = details.tools;\n    cy.get(_cocktailPage.default.vertical.selector.title).should('contain', details.name);\n    cy.get(_cocktailPage.default.vertical.selector.recipeItem).each(listItem => {\n      const itemText = listItem.text();\n      expect(itemText).to.equal(receipt[listItem.index()]);\n    });\n    cy.get(_cocktailPage.default.vertical.selector.component).find('[data-cy=\"ingredient\"]').each(listItem => {\n      const itemText = listItem.text();\n      expect(itemText).contains(goods[listItem.index()].name);\n    });\n    cy.get(_cocktailPage.default.vertical.selector.tools).find('[data-cy=\"ingredient\"]').each(listItem => {\n      const itemText = listItem.text();\n      expect(itemText).contains(tools[listItem.index()].name);\n    });\n  });\n});",
                  "err": {},
                  "uuid": "cc55f874-0374-4115-be14-bddd28d7608c",
                  "parentUUID": "62c3d24a-ca63-462d-8260-e24330f05163",
                  "isHook": false,
                  "skipped": false
                }
              ],
              "suites": [],
              "passes": [
                "cc55f874-0374-4115-be14-bddd28d7608c"
              ],
              "failures": [],
              "pending": [],
              "skipped": [],
              "duration": 1476,
              "root": false,
              "rootEmpty": false,
              "_timeout": 2000
            },
            {
              "uuid": "da8de79a-36b7-484e-aa2b-be84f8b50c60",
              "title": "for ipad-2 screen size",
              "fullFile": "",
              "file": "",
              "beforeHooks": [],
              "afterHooks": [],
              "tests": [
                {
                  "title": "can view the cocktails list and open the detailed cocktail screen",
                  "fullTitle": "Home screen elements on the different screen resolutions for ipad-2 screen size can view the cocktails list and open the detailed cocktail screen",
                  "timedOut": null,
                  "duration": 1536,
                  "state": "passed",
                  "speed": "fast",
                  "pass": true,
                  "fail": false,
                  "pending": false,
                  "context": null,
                  "code": "cy.intercept({\n  method: \"GET\",\n  url: \"/v2/cocktails/full*\"\n}).as(\"cocktail\");\ncy.request({\n  method: 'GET',\n  url: 'https://whale-app-iz3av.ondigitalocean.app/v2/filter?page=0',\n  headers: {\n    'Content-Type': 'application/json'\n  }\n}).then(cocktailsList => {\n  const cocktails = cocktailsList.body.cocktails;\n  cy.get(_homePage.default.vertical.selector.sorting.byRate).should(\"be.visible\");\n  cy.get(_homePage.default.vertical.selector.search).should(\"be.visible\");\n  cy.get(_homePage.default.vertical.selector.cocktailCard).each(item => {\n    const itemText = item.text().trim();\n    expect(itemText).to.contain(cocktails[item.index()].name);\n  });\n  cy.get(_homePage.default.vertical.selector.cocktailCard).eq(5).click();\n  cy.wait('@cocktail').then(cocktail => {\n    const details = cocktail.response.body;\n    const receipt = details.receipt;\n    const goods = details.goods;\n    const tools = details.tools;\n    cy.get(_cocktailPage.default.vertical.selector.title).should('contain', details.name);\n    cy.get(_cocktailPage.default.vertical.selector.recipeItem).each(listItem => {\n      const itemText = listItem.text();\n      expect(itemText).to.equal(receipt[listItem.index()]);\n    });\n    cy.get(_cocktailPage.default.vertical.selector.component).find('[data-cy=\"ingredient\"]').each(listItem => {\n      const itemText = listItem.text();\n      expect(itemText).contains(goods[listItem.index()].name);\n    });\n    cy.get(_cocktailPage.default.vertical.selector.tools).find('[data-cy=\"ingredient\"]').each(listItem => {\n      const itemText = listItem.text();\n      expect(itemText).contains(tools[listItem.index()].name);\n    });\n  });\n});",
                  "err": {},
                  "uuid": "946774dc-9074-4f2c-b3a5-410a90f7436c",
                  "parentUUID": "da8de79a-36b7-484e-aa2b-be84f8b50c60",
                  "isHook": false,
                  "skipped": false
                }
              ],
              "suites": [],
              "passes": [
                "946774dc-9074-4f2c-b3a5-410a90f7436c"
              ],
              "failures": [],
              "pending": [],
              "skipped": [],
              "duration": 1536,
              "root": false,
              "rootEmpty": false,
              "_timeout": 2000
            },
            {
              "uuid": "7a83463c-35c4-40c4-96da-6005ba087a4d",
              "title": "for macbook-13 screen size",
              "fullFile": "",
              "file": "",
              "beforeHooks": [],
              "afterHooks": [],
              "tests": [
                {
                  "title": "can view the cocktails list and open the detailed cocktail screen",
                  "fullTitle": "Home screen elements on the different screen resolutions for macbook-13 screen size can view the cocktails list and open the detailed cocktail screen",
                  "timedOut": null,
                  "duration": 1363,
                  "state": "passed",
                  "speed": "fast",
                  "pass": true,
                  "fail": false,
                  "pending": false,
                  "context": null,
                  "code": "cy.intercept({\n  method: \"GET\",\n  url: \"/v2/cocktails/full*\"\n}).as(\"cocktail\");\ncy.request({\n  method: 'GET',\n  url: 'https://whale-app-iz3av.ondigitalocean.app/v2/filter?page=0',\n  headers: {\n    'Content-Type': 'application/json'\n  }\n}).then(cocktailsList => {\n  const cocktails = cocktailsList.body.cocktails;\n  cy.get(_homePage.default.vertical.selector.sorting.byRate).should(\"be.visible\");\n  cy.get(_homePage.default.vertical.selector.search).should(\"be.visible\");\n  cy.get(_homePage.default.vertical.selector.cocktailCard).each(item => {\n    const itemText = item.text().trim();\n    expect(itemText).to.contain(cocktails[item.index()].name);\n  });\n  cy.get(_homePage.default.vertical.selector.cocktailCard).eq(5).click();\n  cy.wait('@cocktail').then(cocktail => {\n    const details = cocktail.response.body;\n    const receipt = details.receipt;\n    const goods = details.goods;\n    const tools = details.tools;\n    cy.get(_cocktailPage.default.vertical.selector.title).should('contain', details.name);\n    cy.get(_cocktailPage.default.vertical.selector.recipeItem).each(listItem => {\n      const itemText = listItem.text();\n      expect(itemText).to.equal(receipt[listItem.index()]);\n    });\n    cy.get(_cocktailPage.default.vertical.selector.component).find('[data-cy=\"ingredient\"]').each(listItem => {\n      const itemText = listItem.text();\n      expect(itemText).contains(goods[listItem.index()].name);\n    });\n    cy.get(_cocktailPage.default.vertical.selector.tools).find('[data-cy=\"ingredient\"]').each(listItem => {\n      const itemText = listItem.text();\n      expect(itemText).contains(tools[listItem.index()].name);\n    });\n  });\n});",
                  "err": {},
                  "uuid": "299060e2-a6bc-46ef-95ec-779972937412",
                  "parentUUID": "7a83463c-35c4-40c4-96da-6005ba087a4d",
                  "isHook": false,
                  "skipped": false
                }
              ],
              "suites": [],
              "passes": [
                "299060e2-a6bc-46ef-95ec-779972937412"
              ],
              "failures": [],
              "pending": [],
              "skipped": [],
              "duration": 1363,
              "root": false,
              "rootEmpty": false,
              "_timeout": 2000
            }
          ],
          "passes": [],
          "failures": [],
          "pending": [],
          "skipped": [],
          "duration": 0,
          "root": false,
          "rootEmpty": false,
          "_timeout": 2000
        }
      ],
      "passes": [],
      "failures": [],
      "pending": [],
      "skipped": [],
      "duration": 0,
      "root": true,
      "rootEmpty": true,
      "_timeout": 2000
    },
    {
      "uuid": "d0da1600-2625-406e-80a1-3ca4a079816d",
      "title": "",
      "fullFile": "cypress/tests/home-screen.cy.js",
      "file": "cypress/tests/home-screen.cy.js",
      "beforeHooks": [],
      "afterHooks": [],
      "tests": [],
      "suites": [
        {
          "uuid": "b8323a69-439b-4416-ac8f-c1b799f70192",
          "title": "Home screen tests",
          "fullFile": "",
          "file": "",
          "beforeHooks": [],
          "afterHooks": [],
          "tests": [
            {
              "title": "items should be reordered after sorting applying",
              "fullTitle": "Home screen tests items should be reordered after sorting applying",
              "timedOut": null,
              "duration": 1625,
              "state": "passed",
              "speed": "fast",
              "pass": true,
              "fail": false,
              "pending": false,
              "context": null,
              "code": "interceptSorting(\"sort=biggest-rate\");\ncy.get(_homePage.default.vertical.selector.sorting.byRate).click();\ncy.get(_homePage.default.vertical.selector.sorting.byRate).click();\ncy.get(_homePage.default.vertical.selector.sorting.byRate).click();\ncy.wait(\"@sortingApplied\").its(\"response.body\").then(body => {\n  const cocktails = body.cocktails;\n  cy.get(_homePage.default.vertical.selector.cocktailCard).each(item => {\n    const itemText = item.text().trim();\n    expect(itemText).to.contain(cocktails[item.index()].name);\n  });\n});",
              "err": {},
              "uuid": "af32ed13-548e-42e9-9465-677b69fe4f67",
              "parentUUID": "b8323a69-439b-4416-ac8f-c1b799f70192",
              "isHook": false,
              "skipped": false
            },
            {
              "title": "items should be filtered after applying a low alcohol filter",
              "fullTitle": "Home screen tests items should be filtered after applying a low alcohol filter",
              "timedOut": null,
              "duration": 1941,
              "state": "passed",
              "speed": "fast",
              "pass": true,
              "fail": false,
              "pending": false,
              "context": null,
              "code": "interceptFiltering(\"alcohol-volume=slaboalkoholni\");\nlet firstItemName;\ncy.get(_homePage.default.vertical.selector.cocktailCard).find(\".cart__name\").first().invoke('text').then(itemTitle => {\n  firstItemName = itemTitle;\n});\n// applying the low alcohol filter\ncy.get(_homePage.default.vertical.selector.filters.lowalcohol).click();\n// checking that proper tag is shown\ncy.get(_homePage.default.vertical.selector.filters.lowalcoholTag).should('be.visible');\n// applying the low alcohol filter again because when it clicked programatically the request is not sent\ncy.get(_homePage.default.vertical.selector.filters.lowalcohol).click();\ncy.wait(\"@sortingApplied\").its('response.body').then(body => {\n  const cocktails = body.cocktails;\n  cy.get(_homePage.default.vertical.selector.cocktailCard).each(item => {\n    const itemText = item.text().trim();\n    expect(itemText).to.contain(cocktails[item.index()].name);\n  });\n  // checking that the first element name is changed after applying filters\n  cy.get(_homePage.default.vertical.selector.cocktailCard).find(\".cart__name\").first().should('not.contain', firstItemName);\n});",
              "err": {},
              "uuid": "52bf328f-5099-49f4-8452-2a468c851f00",
              "parentUUID": "b8323a69-439b-4416-ac8f-c1b799f70192",
              "isHook": false,
              "skipped": false
            }
          ],
          "suites": [],
          "passes": [
            "af32ed13-548e-42e9-9465-677b69fe4f67",
            "52bf328f-5099-49f4-8452-2a468c851f00"
          ],
          "failures": [],
          "pending": [],
          "skipped": [],
          "duration": 3566,
          "root": false,
          "rootEmpty": false,
          "_timeout": 2000
        }
      ],
      "passes": [],
      "failures": [],
      "pending": [],
      "skipped": [],
      "duration": 0,
      "root": true,
      "rootEmpty": true,
      "_timeout": 2000
    },
    {
      "uuid": "beb9ea69-ec79-4922-8cc2-69d100a8d093",
      "title": "",
      "fullFile": "cypress/tests/search.cy.js",
      "file": "cypress/tests/search.cy.js",
      "beforeHooks": [],
      "afterHooks": [],
      "tests": [],
      "suites": [
        {
          "uuid": "84fa2fd1-5eb0-4b4e-acb2-859c6b6b5bc1",
          "title": "search cocktail tests",
          "fullFile": "",
          "file": "",
          "beforeHooks": [],
          "afterHooks": [],
          "tests": [
            {
              "title": "search from home screen",
              "fullTitle": "search cocktail tests search from home screen",
              "timedOut": null,
              "duration": 1765,
              "state": "passed",
              "speed": "fast",
              "pass": true,
              "fail": false,
              "pending": false,
              "context": null,
              "code": "let searchSuggestion;\ncy.get(_homePage.default.vertical.selector.search).type('м');\ncy.get(_homePage.default.vertical.selector.searchSuggestions).first().then(searchSug => {\n  searchSuggestion = searchSug.text().trim();\n  console.log(searchSuggestion);\n  cy.wrap(searchSug).click();\n  cy.get('h1').should('contain', searchSuggestion);\n});",
              "err": {},
              "uuid": "83b17066-7da6-484d-afbd-9434cd2c2fe5",
              "parentUUID": "84fa2fd1-5eb0-4b4e-acb2-859c6b6b5bc1",
              "isHook": false,
              "skipped": false
            }
          ],
          "suites": [],
          "passes": [
            "83b17066-7da6-484d-afbd-9434cd2c2fe5"
          ],
          "failures": [],
          "pending": [],
          "skipped": [],
          "duration": 1765,
          "root": false,
          "rootEmpty": false,
          "_timeout": 2000
        }
      ],
      "passes": [],
      "failures": [],
      "pending": [],
      "skipped": [],
      "duration": 0,
      "root": true,
      "rootEmpty": true,
      "_timeout": 2000
    },
    {
      "uuid": "31729485-dbf5-4458-a62c-adc20a295f06",
      "title": "",
      "fullFile": "cypress/tests/cocktail.cy.js",
      "file": "cypress/tests/cocktail.cy.js",
      "beforeHooks": [],
      "afterHooks": [],
      "tests": [],
      "suites": [
        {
          "uuid": "eb8e07dc-3c88-44de-950d-dc36c9746a3c",
          "title": "A cocktail's screen tests",
          "fullFile": "",
          "file": "",
          "beforeHooks": [],
          "afterHooks": [],
          "tests": [
            {
              "title": "Check the required elements are shown on the page",
              "fullTitle": "A cocktail's screen tests Check the required elements are shown on the page",
              "timedOut": null,
              "duration": 1609,
              "state": "passed",
              "speed": "fast",
              "pass": true,
              "fail": false,
              "pending": false,
              "context": null,
              "code": "cy.intercept({\n  method: \"GET\",\n  url: \"/v2/cocktails/full*\"\n}).as(\"cocktail\");\ncy.get(\".cocktails-body__list\").find(\".list__item\").eq(0).click();\ncy.wait('@cocktail').then(cocktail => {\n  const details = cocktail.response.body;\n  const receipt = details.receipt;\n  const goods = details.goods;\n  const tools = details.tools;\n  cy.get(_cocktailPage.default.vertical.selector.title).should('contain', details.name);\n  cy.get(_cocktailPage.default.vertical.selector.recipeItem).each(listItem => {\n    const itemText = listItem.text();\n    expect(itemText).to.equal(receipt[listItem.index()]);\n  });\n  cy.get(_cocktailPage.default.vertical.selector.component).find('[data-cy=\"ingredient\"]').each(listItem => {\n    const itemText = listItem.text();\n    expect(itemText).contains(goods[listItem.index()].name);\n  });\n  cy.get(_cocktailPage.default.vertical.selector.tools).find('[data-cy=\"ingredient\"]').each(listItem => {\n    const itemText = listItem.text();\n    expect(itemText).contains(tools[listItem.index()].name);\n  });\n});",
              "err": {},
              "uuid": "f988504c-b734-40be-adfd-f158a52585f3",
              "parentUUID": "eb8e07dc-3c88-44de-950d-dc36c9746a3c",
              "isHook": false,
              "skipped": false
            }
          ],
          "suites": [],
          "passes": [
            "f988504c-b734-40be-adfd-f158a52585f3"
          ],
          "failures": [],
          "pending": [],
          "skipped": [],
          "duration": 1609,
          "root": false,
          "rootEmpty": false,
          "_timeout": 2000
        }
      ],
      "passes": [],
      "failures": [],
      "pending": [],
      "skipped": [],
      "duration": 0,
      "root": true,
      "rootEmpty": true,
      "_timeout": 2000
    }
  ],
  "meta": {
    "mocha": {
      "version": "7.0.1"
    },
    "mochawesome": {
      "options": {
        "quiet": false,
        "reportFilename": "mochawesome",
        "saveHtml": false,
        "saveJson": true,
        "consoleReporter": "spec",
        "useInlineDiffs": false,
        "code": true
      },
      "version": "7.1.3"
    },
    "marge": {
      "options": {
        "id": "default",
        "reportDir": "cypress/results/mochawesome",
        "overwrite": false,
        "html": false,
        "json": true
      },
      "version": "6.2.0"
    }
  }
}