{
  "stats": {
    "suites": 2,
    "tests": 4,
    "passes": 4,
    "pending": 0,
    "failures": 0,
    "testsRegistered": 4,
    "passPercent": 100,
    "pendingPercent": 0,
    "other": 0,
    "hasOther": false,
    "skipped": 0,
    "hasSkipped": false,
    "start": "2023-04-17T12:57:44.011Z",
    "end": "2023-04-17T12:57:51.260Z",
    "duration": 7249
  },
  "results": [
    {
      "uuid": "fa2348b7-4d42-4e0e-a360-3dc95fa1cdac",
      "title": "",
      "fullFile": "cypress/e2e/tests/home-screen.cy.js",
      "file": "cypress/e2e/tests/home-screen.cy.js",
      "beforeHooks": [],
      "afterHooks": [],
      "tests": [],
      "suites": [
        {
          "uuid": "c58bd32c-8e48-46e6-96eb-138daab8ade1",
          "title": "Home screen tests",
          "fullFile": "",
          "file": "",
          "beforeHooks": [],
          "afterHooks": [],
          "tests": [
            {
              "title": "The cocktails list should be visible",
              "fullTitle": "Home screen tests The cocktails list should be visible",
              "timedOut": null,
              "duration": 938,
              "state": "passed",
              "speed": "fast",
              "pass": true,
              "fail": false,
              "pending": false,
              "context": null,
              "code": "cy.request({\n  method: 'GET',\n  url: 'https://whale-app-iz3av.ondigitalocean.app/v2/search/cocktails?page=0',\n  headers: {\n    'Content-Type': 'application/json'\n  }\n}).then(cocktailsList => {\n  const cocktails = cocktailsList.body.cocktails;\n  cy.get('.cocktails-body__list .list__item').each(item => {\n    const itemText = item.text().trim();\n    expect(itemText).to.contain(cocktails[item.index()].name);\n  });\n});",
              "err": {},
              "uuid": "7fc3fafd-875d-4717-b3b1-b9ce99d21e84",
              "parentUUID": "c58bd32c-8e48-46e6-96eb-138daab8ade1",
              "isHook": false,
              "skipped": false
            },
            {
              "title": "items should be reordered after sorting applying",
              "fullTitle": "Home screen tests items should be reordered after sorting applying",
              "timedOut": null,
              "duration": 1900,
              "state": "passed",
              "speed": "fast",
              "pass": true,
              "fail": false,
              "pending": false,
              "context": null,
              "code": "interceptSorting(\"sort=biggest-rate\");\ncy.contains(\".sorting__list\", 'Найкраща оцінка').click();\ncy.contains(\".sorting__list\", 'Найкраща оцінка').click();\ncy.wait(\"@sortingApplied\").its('response.body').then(body => {\n  const cocktails = body.cocktails;\n  cy.get('.cocktails-body__list .list__item').each(item => {\n    const itemText = item.text().trim();\n    expect(itemText).to.contain(cocktails[item.index()].name);\n  });\n});",
              "err": {},
              "uuid": "f5ba54a6-fd5c-4df6-93b0-1eecd7a15813",
              "parentUUID": "c58bd32c-8e48-46e6-96eb-138daab8ade1",
              "isHook": false,
              "skipped": false
            },
            {
              "title": "items should be filteres after applying a filter",
              "fullTitle": "Home screen tests items should be filteres after applying a filter",
              "timedOut": null,
              "duration": 1699,
              "state": "passed",
              "speed": "fast",
              "pass": true,
              "fail": false,
              "pending": false,
              "context": null,
              "code": "interceptSorting(\"alcohol-volume=1\");\nlet firstItemName;\ncy.get(\".list\").find(\".cart__name\").first().invoke('text').then(itemTitle => {\n  firstItemName = itemTitle;\n});\ncy.get('[title=\"слабоалкогольні\"]').find('.filter-list-item__checkbox').click();\ncy.get('[class=\"filters-tag-cloud-list-item__link nuxt-link-active\"]').should('exist');\ncy.get('[title=\"слабоалкогольні\"]').find('.filter-list-item__checkbox').click();\ncy.wait(\"@sortingApplied\").its('response.body').then(body => {\n  const cocktails = body.cocktails;\n  cy.get('.cocktails-body__list .list__item').each(item => {\n    const itemText = item.text().trim();\n    expect(itemText).to.contain(cocktails[item.index()].name);\n  });\n  cy.get(\".list\").find(\".cart__name\").first().should('not.contain', firstItemName);\n});",
              "err": {},
              "uuid": "b0c10573-1ba8-4503-af9e-6277a95ec98e",
              "parentUUID": "c58bd32c-8e48-46e6-96eb-138daab8ade1",
              "isHook": false,
              "skipped": false
            }
          ],
          "suites": [],
          "passes": [
            "7fc3fafd-875d-4717-b3b1-b9ce99d21e84",
            "f5ba54a6-fd5c-4df6-93b0-1eecd7a15813",
            "b0c10573-1ba8-4503-af9e-6277a95ec98e"
          ],
          "failures": [],
          "pending": [],
          "skipped": [],
          "duration": 4537,
          "root": false,
          "rootEmpty": false,
          "_timeout": 2000
        }
      ],
      "passes": [],
      "failures": [],
      "pending": [],
      "skipped": [],
      "duration": 0,
      "root": true,
      "rootEmpty": true,
      "_timeout": 2000
    },
    {
      "uuid": "75283735-dc8d-4047-a301-86371a4cd65e",
      "title": "",
      "fullFile": "cypress/e2e/tests/cocktail.cy.js",
      "file": "cypress/e2e/tests/cocktail.cy.js",
      "beforeHooks": [],
      "afterHooks": [],
      "tests": [],
      "suites": [
        {
          "uuid": "6fcaf8ab-dfd4-4380-8ddf-d6d32361e905",
          "title": "A cocktail's screen tests",
          "fullFile": "",
          "file": "",
          "beforeHooks": [],
          "afterHooks": [],
          "tests": [
            {
              "title": "Check the required elements are shown on the page",
              "fullTitle": "A cocktail's screen tests Check the required elements are shown on the page",
              "timedOut": null,
              "duration": 1821,
              "state": "passed",
              "speed": "fast",
              "pass": true,
              "fail": false,
              "pending": false,
              "context": null,
              "code": "cy.intercept({\n  method: \"GET\",\n  url: \"/v2/cocktails/full*\"\n}).as(\"cocktail\");\ncy.get(\".cocktails-body__list\").find(\".list__item\").eq(0).click();\ncy.wait('@cocktail').then(cocktail => {\n  const details = cocktail.response.body;\n  const receipt = details.receipt;\n  const goods = details.goods;\n  const tools = details.tools;\n  cy.get('.cocktail-header-title').should('contain', details.name);\n  cy.get('h1').should('contain', details.name);\n  cy.get('.cocktail-body-recipe-list .cocktail-body-recipe-list-item').each(listItem => {\n    const itemText = listItem.text();\n    expect(itemText).to.equal(receipt[listItem.index()]);\n  });\n  cy.get('.cocktail-body__goods .сomponents-list-item').each(listItem => {\n    const itemText = listItem.text();\n    expect(itemText).contains(goods[listItem.index()].name);\n  });\n  cy.get('.cocktail-body__tools .сomponents-list-item').each(listItem => {\n    const itemText = listItem.text();\n    expect(itemText).contains(tools[listItem.index()].name);\n  });\n});",
              "err": {},
              "uuid": "2bba79a2-0127-4f07-b9fe-79b7e696a2a1",
              "parentUUID": "6fcaf8ab-dfd4-4380-8ddf-d6d32361e905",
              "isHook": false,
              "skipped": false
            }
          ],
          "suites": [],
          "passes": [
            "2bba79a2-0127-4f07-b9fe-79b7e696a2a1"
          ],
          "failures": [],
          "pending": [],
          "skipped": [],
          "duration": 1821,
          "root": false,
          "rootEmpty": false,
          "_timeout": 2000
        }
      ],
      "passes": [],
      "failures": [],
      "pending": [],
      "skipped": [],
      "duration": 0,
      "root": true,
      "rootEmpty": true,
      "_timeout": 2000
    }
  ],
  "meta": {
    "mocha": {
      "version": "7.0.1"
    },
    "mochawesome": {
      "options": {
        "quiet": false,
        "reportFilename": "mochawesome",
        "saveHtml": false,
        "saveJson": true,
        "consoleReporter": "spec",
        "useInlineDiffs": false,
        "code": true
      },
      "version": "7.1.3"
    },
    "marge": {
      "options": {
        "id": "default",
        "reportDir": "cypress/results/mochawesome",
        "overwrite": false,
        "html": false,
        "json": true
      },
      "version": "6.2.0"
    }
  }
}