{
  "stats": {
    "suites": 2,
    "tests": 4,
    "passes": 4,
    "pending": 0,
    "failures": 0,
    "testsRegistered": 4,
    "passPercent": 100,
    "pendingPercent": 0,
    "other": 0,
    "hasOther": false,
    "skipped": 0,
    "hasSkipped": false,
    "start": "2023-03-24T15:14:22.051Z",
    "end": "2023-03-24T15:14:31.110Z",
    "duration": 9059
  },
  "results": [
    {
      "uuid": "4aa5f550-ed76-433c-8077-61370742f664",
      "title": "",
      "fullFile": "cypress/e2e/tests/home-screen.cy.js",
      "file": "cypress/e2e/tests/home-screen.cy.js",
      "beforeHooks": [],
      "afterHooks": [],
      "tests": [],
      "suites": [
        {
          "uuid": "3a70f715-9f64-4e2b-9a10-a880f12bf2e6",
          "title": "Home screen tests",
          "fullFile": "",
          "file": "",
          "beforeHooks": [],
          "afterHooks": [],
          "tests": [
            {
              "title": "The cocktails list should be visible",
              "fullTitle": "Home screen tests The cocktails list should be visible",
              "timedOut": null,
              "duration": 1558,
              "state": "passed",
              "speed": "fast",
              "pass": true,
              "fail": false,
              "pending": false,
              "context": null,
              "code": "cy.request({\n  method: 'GET',\n  url: 'https://whale-app-iz3av.ondigitalocean.app/v2/search/cocktails?page=0',\n  headers: {\n    'Content-Type': 'application/json'\n  }\n}).then(cocktailsList => {\n  const cocktails = cocktailsList.body.cocktails;\n  cy.get('.cocktails-body__list .list__item').each(item => {\n    const itemText = item.text().trim();\n    expect(itemText).to.contain(cocktails[item.index()].name);\n  });\n});",
              "err": {},
              "uuid": "6da62b63-2f0b-442e-bf0f-c632166eb94d",
              "parentUUID": "3a70f715-9f64-4e2b-9a10-a880f12bf2e6",
              "isHook": false,
              "skipped": false
            },
            {
              "title": "items should be reordered after sorting applying",
              "fullTitle": "Home screen tests items should be reordered after sorting applying",
              "timedOut": null,
              "duration": 2245,
              "state": "passed",
              "speed": "fast",
              "pass": true,
              "fail": false,
              "pending": false,
              "context": null,
              "code": "cy.intercept({\n  method: \"GET\",\n  url: \"/v2/search/cocktails?page=0&sort=biggest-rate\"\n}).as(\"sortingApplied\");\ncy.get(\".logo\").should(\"contain\", \"MIXdrinks\");\ncy.contains(\".sorting__list\", 'Найкраща оцінка').click();\ncy.contains(\".sorting__list\", 'Найкраща оцінка').click();\ncy.wait(\"@sortingApplied\").its('response.body').then(body => {\n  const cocktails = body.cocktails;\n  cy.get('.cocktails-body__list .list__item').each(item => {\n    const itemText = item.text().trim();\n    expect(itemText).to.contain(cocktails[item.index()].name);\n  });\n});",
              "err": {},
              "uuid": "16cec428-d6be-4624-870f-d9c79c558d0c",
              "parentUUID": "3a70f715-9f64-4e2b-9a10-a880f12bf2e6",
              "isHook": false,
              "skipped": false
            },
            {
              "title": "items should be filteres after ppplying a filter",
              "fullTitle": "Home screen tests items should be filteres after ppplying a filter",
              "timedOut": null,
              "duration": 1962,
              "state": "passed",
              "speed": "fast",
              "pass": true,
              "fail": false,
              "pending": false,
              "context": null,
              "code": "cy.intercept({\n  method: \"GET\",\n  url: \"/v2/search/cocktails*\"\n}).as(\"sortingApplied\");\ncy.get('[title=\"міцні\"]').find('.filter-list-item__checkbox').click();\ncy.wait(\"@sortingApplied\");\ncy.get('[class=\"filters-tag-cloud-list-item__link nuxt-link-active\"]').should('exist');\ncy.get('[class=\"filters-tag-cloud-list-item__link nuxt-link-active\"]').click();\ncy.get('[class=\"filters-tag-cloud-list-item__link nuxt-link-active\"]').should('not.exist');\n// cy.url().should(\"contain\", \"?sort=biggest-rate\");",
              "err": {},
              "uuid": "88d6ee71-71a3-4058-adcc-b21c9e0c93c2",
              "parentUUID": "3a70f715-9f64-4e2b-9a10-a880f12bf2e6",
              "isHook": false,
              "skipped": false
            }
          ],
          "suites": [],
          "passes": [
            "6da62b63-2f0b-442e-bf0f-c632166eb94d",
            "16cec428-d6be-4624-870f-d9c79c558d0c",
            "88d6ee71-71a3-4058-adcc-b21c9e0c93c2"
          ],
          "failures": [],
          "pending": [],
          "skipped": [],
          "duration": 5765,
          "root": false,
          "rootEmpty": false,
          "_timeout": 2000
        }
      ],
      "passes": [],
      "failures": [],
      "pending": [],
      "skipped": [],
      "duration": 0,
      "root": true,
      "rootEmpty": true,
      "_timeout": 2000
    },
    {
      "uuid": "b26ee14d-931e-4a80-a833-4bf0620c7d03",
      "title": "",
      "fullFile": "cypress/e2e/tests/cocktail.cy.js",
      "file": "cypress/e2e/tests/cocktail.cy.js",
      "beforeHooks": [],
      "afterHooks": [],
      "tests": [],
      "suites": [
        {
          "uuid": "5bf240ff-dc64-49bd-ad32-a44b5870caa4",
          "title": "A cocktail's screen tests",
          "fullFile": "",
          "file": "",
          "beforeHooks": [],
          "afterHooks": [],
          "tests": [
            {
              "title": "Check the required elements are shown on the page",
              "fullTitle": "A cocktail's screen tests Check the required elements are shown on the page",
              "timedOut": null,
              "duration": 2388,
              "state": "passed",
              "speed": "fast",
              "pass": true,
              "fail": false,
              "pending": false,
              "context": null,
              "code": "cy.intercept({\n  method: \"GET\",\n  url: \"/v2/cocktails/full*\"\n}).as(\"cocktail\");\ncy.get(\".cocktails-body__list\").find(\".list__item\").eq(0).click();\ncy.wait('@cocktail').then(cocktail => {\n  const details = cocktail.response.body;\n  const receipt = details.receipt;\n  const goods = details.goods;\n  const tools = details.tools;\n  cy.get('.cocktail-header-title').should('contain', details.name);\n  cy.get('h1').should('contain', details.name);\n  cy.get('.cocktail-body-recipe-list .cocktail-body-recipe-list-item').each(listItem => {\n    const itemText = listItem.text();\n    expect(itemText).to.equal(receipt[listItem.index()]);\n  });\n  cy.get('.cocktail-body__goods .сomponents-list-item').each(listItem => {\n    const itemText = listItem.text();\n    expect(itemText).contains(goods[listItem.index()].name);\n  });\n  cy.get('.cocktail-body__tools .сomponents-list-item').each(listItem => {\n    const itemText = listItem.text();\n    expect(itemText).contains(tools[listItem.index()].name);\n  });\n});",
              "err": {},
              "uuid": "f9ad1931-b4bc-4b3f-b98c-e7984c58625a",
              "parentUUID": "5bf240ff-dc64-49bd-ad32-a44b5870caa4",
              "isHook": false,
              "skipped": false
            }
          ],
          "suites": [],
          "passes": [
            "f9ad1931-b4bc-4b3f-b98c-e7984c58625a"
          ],
          "failures": [],
          "pending": [],
          "skipped": [],
          "duration": 2388,
          "root": false,
          "rootEmpty": false,
          "_timeout": 2000
        }
      ],
      "passes": [],
      "failures": [],
      "pending": [],
      "skipped": [],
      "duration": 0,
      "root": true,
      "rootEmpty": true,
      "_timeout": 2000
    }
  ],
  "meta": {
    "mocha": {
      "version": "7.0.1"
    },
    "mochawesome": {
      "options": {
        "quiet": false,
        "reportFilename": "mochawesome",
        "saveHtml": false,
        "saveJson": true,
        "consoleReporter": "spec",
        "useInlineDiffs": false,
        "code": true
      },
      "version": "7.1.3"
    },
    "marge": {
      "options": {
        "id": "default",
        "reportDir": "cypress/results/mochawesome",
        "overwrite": false,
        "html": false,
        "json": true
      },
      "version": "6.2.0"
    }
  }
}