<?xml version="1.0" encoding="UTF-8"?>
<testsuites name="Mocha Tests" time="5.839" tests="3" failures="0">
  <testsuite name="Root Suite" timestamp="2023-03-24T15:14:25" tests="0" file="cypress/e2e/tests/home-screen.cy.js" time="0.000" failures="0">
  </testsuite>
  <testsuite name="Home screen tests" timestamp="2023-03-24T15:14:25" tests="3" time="5.811" failures="0">
    <testcase name="Home screen tests The cocktails list should be visible" time="1.558" classname="The cocktails list should be visible">
    </testcase>
    <testcase name="Home screen tests items should be reordered after sorting applying" time="2.245" classname="items should be reordered after sorting applying">
    </testcase>
    <testcase name="Home screen tests items should be filteres after ppplying a filter" time="1.962" classname="items should be filteres after ppplying a filter">
    </testcase>
  </testsuite>
</testsuites>